2018-11-14 01:10:05 INFO  DriverFactory:56 -  
2018-11-14 01:10:05 INFO  DriverFactory:57 - Local Operating System: MAC OS X
2018-11-14 01:10:05 INFO  DriverFactory:58 - Local Architecture: x86_64
2018-11-14 01:10:05 INFO  DriverFactory:59 - Selected Browser: firefox
2018-11-14 01:10:05 INFO  DriverFactory:60 - Connecting to Selenium Grid: false
2018-11-14 01:10:05 INFO  DriverFactory:61 -  
2018-11-14 12:57:25 INFO  DriverFactory:56 -  
2018-11-14 12:57:25 INFO  DriverFactory:57 - Local Operating System: MAC OS X
2018-11-14 12:57:25 INFO  DriverFactory:58 - Local Architecture: x86_64
2018-11-14 12:57:25 INFO  DriverFactory:59 - Selected Browser: firefox
2018-11-14 12:57:25 INFO  DriverFactory:60 - Connecting to Selenium Grid: false
2018-11-14 12:57:25 INFO  DriverFactory:61 -  
2018-11-14 13:17:52 INFO  DriverFactory:56 -  
2018-11-14 13:17:52 INFO  DriverFactory:57 - Local Operating System: MAC OS X
2018-11-14 13:17:52 INFO  DriverFactory:58 - Local Architecture: x86_64
2018-11-14 13:17:52 INFO  DriverFactory:59 - Selected Browser: firefox
2018-11-14 13:17:52 INFO  DriverFactory:60 - Connecting to Selenium Grid: false
2018-11-14 13:17:52 INFO  DriverFactory:61 -  
2018-11-14 13:20:47 INFO  DriverFactory:56 -  
2018-11-14 13:20:47 INFO  DriverFactory:57 - Local Operating System: MAC OS X
2018-11-14 13:20:47 INFO  DriverFactory:58 - Local Architecture: x86_64
2018-11-14 13:20:47 INFO  DriverFactory:59 - Selected Browser: firefox
2018-11-14 13:20:47 INFO  DriverFactory:60 - Connecting to Selenium Grid: false
2018-11-14 13:20:47 INFO  DriverFactory:61 -  
2018-11-14 13:23:34 INFO  DriverFactory:56 -  
2018-11-14 13:23:34 INFO  DriverFactory:57 - Local Operating System: MAC OS X
2018-11-14 13:23:34 INFO  DriverFactory:58 - Local Architecture: x86_64
2018-11-14 13:23:34 INFO  DriverFactory:59 - Selected Browser: firefox
2018-11-14 13:23:34 INFO  DriverFactory:60 - Connecting to Selenium Grid: false
2018-11-14 13:23:34 INFO  DriverFactory:61 -  
2018-11-14 13:26:51 INFO  DriverFactory:56 -  
2018-11-14 13:26:51 INFO  DriverFactory:57 - Local Operating System: MAC OS X
2018-11-14 13:26:51 INFO  DriverFactory:58 - Local Architecture: x86_64
2018-11-14 13:26:51 INFO  DriverFactory:59 - Selected Browser: firefox
2018-11-14 13:26:51 INFO  DriverFactory:60 - Connecting to Selenium Grid: false
2018-11-14 13:26:51 INFO  DriverFactory:61 -  
2018-11-14 13:27:10 INFO  DriverFactory:56 -  
2018-11-14 13:27:10 INFO  DriverFactory:57 - Local Operating System: MAC OS X
2018-11-14 13:27:10 INFO  DriverFactory:58 - Local Architecture: x86_64
2018-11-14 13:27:10 INFO  DriverFactory:59 - Selected Browser: firefox
2018-11-14 13:27:10 INFO  DriverFactory:60 - Connecting to Selenium Grid: false
2018-11-14 13:27:10 INFO  DriverFactory:61 -  
2018-11-14 13:28:15 INFO  DriverFactory:56 -  
2018-11-14 13:28:15 INFO  DriverFactory:57 - Local Operating System: MAC OS X
2018-11-14 13:28:15 INFO  DriverFactory:58 - Local Architecture: x86_64
2018-11-14 13:28:15 INFO  DriverFactory:59 - Selected Browser: firefox
2018-11-14 13:28:15 INFO  DriverFactory:60 - Connecting to Selenium Grid: false
2018-11-14 13:28:15 INFO  DriverFactory:61 -  
2018-11-14 13:29:04 INFO  DriverFactory:56 -  
2018-11-14 13:29:04 INFO  DriverFactory:57 - Local Operating System: MAC OS X
2018-11-14 13:29:04 INFO  DriverFactory:58 - Local Architecture: x86_64
2018-11-14 13:29:04 INFO  DriverFactory:59 - Selected Browser: firefox
2018-11-14 13:29:04 INFO  DriverFactory:60 - Connecting to Selenium Grid: false
2018-11-14 13:29:04 INFO  DriverFactory:61 -  
2018-11-14 13:29:22 INFO  DriverFactory:56 -  
2018-11-14 13:29:22 INFO  DriverFactory:57 - Local Operating System: MAC OS X
2018-11-14 13:29:22 INFO  DriverFactory:58 - Local Architecture: x86_64
2018-11-14 13:29:22 INFO  DriverFactory:59 - Selected Browser: firefox
2018-11-14 13:29:22 INFO  DriverFactory:60 - Connecting to Selenium Grid: false
2018-11-14 13:29:22 INFO  DriverFactory:61 -  
2018-11-14 13:29:29 INFO  DriverFactory:56 -  
2018-11-14 13:29:29 INFO  DriverFactory:57 - Local Operating System: MAC OS X
2018-11-14 13:29:29 INFO  DriverFactory:58 - Local Architecture: x86_64
2018-11-14 13:29:29 INFO  DriverFactory:59 - Selected Browser: firefox
2018-11-14 13:29:29 INFO  DriverFactory:60 - Connecting to Selenium Grid: false
2018-11-14 13:29:29 INFO  DriverFactory:61 -  
2018-11-14 13:32:30 INFO  DriverFactory:56 -  
2018-11-14 13:32:30 INFO  DriverFactory:57 - Local Operating System: MAC OS X
2018-11-14 13:32:30 INFO  DriverFactory:58 - Local Architecture: x86_64
2018-11-14 13:32:30 INFO  DriverFactory:59 - Selected Browser: firefox
2018-11-14 13:32:30 INFO  DriverFactory:60 - Connecting to Selenium Grid: false
2018-11-14 13:32:30 INFO  DriverFactory:61 -  
2018-11-14 13:45:43 INFO  DriverFactory:56 -  
2018-11-14 13:45:43 INFO  DriverFactory:57 - Local Operating System: MAC OS X
2018-11-14 13:45:43 INFO  DriverFactory:58 - Local Architecture: x86_64
2018-11-14 13:45:43 INFO  DriverFactory:59 - Selected Browser: firefox
2018-11-14 13:45:43 INFO  DriverFactory:60 - Connecting to Selenium Grid: false
2018-11-14 13:45:43 INFO  DriverFactory:61 -  
2018-11-14 13:45:47 INFO  DriverFactory:56 -  
2018-11-14 13:45:47 INFO  DriverFactory:57 - Local Operating System: MAC OS X
2018-11-14 13:45:47 INFO  DriverFactory:58 - Local Architecture: x86_64
2018-11-14 13:45:47 INFO  DriverFactory:59 - Selected Browser: firefox
2018-11-14 13:45:47 INFO  DriverFactory:60 - Connecting to Selenium Grid: false
2018-11-14 13:45:47 INFO  DriverFactory:61 -  
2018-11-14 15:36:37 INFO  DriverFactory:56 -  
2018-11-14 15:36:37 INFO  DriverFactory:57 - Local Operating System: MAC OS X
2018-11-14 15:36:37 INFO  DriverFactory:58 - Local Architecture: x86_64
2018-11-14 15:36:37 INFO  DriverFactory:59 - Selected Browser: firefox
2018-11-14 15:36:37 INFO  DriverFactory:60 - Connecting to Selenium Grid: false
2018-11-14 15:36:37 INFO  DriverFactory:61 -  
2018-11-14 15:36:37 INFO  DriverFactory:56 -  
2018-11-14 15:36:37 INFO  DriverFactory:57 - Local Operating System: MAC OS X
2018-11-14 15:36:37 INFO  DriverFactory:58 - Local Architecture: x86_64
2018-11-14 15:36:37 INFO  DriverFactory:59 - Selected Browser: firefox
2018-11-14 15:36:37 INFO  DriverFactory:60 - Connecting to Selenium Grid: false
2018-11-14 15:36:37 INFO  DriverFactory:61 -  
2018-11-14 15:36:55 INFO  DriverFactory:56 -  
2018-11-14 15:36:56 INFO  DriverFactory:57 - Local Operating System: MAC OS X
2018-11-14 15:36:56 INFO  DriverFactory:58 - Local Architecture: x86_64
2018-11-14 15:36:56 INFO  DriverFactory:59 - Selected Browser: firefox
2018-11-14 15:36:56 INFO  DriverFactory:60 - Connecting to Selenium Grid: false
2018-11-14 15:36:56 INFO  DriverFactory:61 -  
2018-11-14 15:38:54 INFO  DriverFactory:56 -  
2018-11-14 15:38:54 INFO  DriverFactory:57 - Local Operating System: MAC OS X
2018-11-14 15:38:54 INFO  DriverFactory:58 - Local Architecture: x86_64
2018-11-14 15:38:54 INFO  DriverFactory:59 - Selected Browser: firefox
2018-11-14 15:38:54 INFO  DriverFactory:60 - Connecting to Selenium Grid: false
2018-11-14 15:38:54 INFO  DriverFactory:61 -  
2018-11-14 15:38:54 INFO  DriverFactory:56 -  
2018-11-14 15:38:54 INFO  DriverFactory:57 - Local Operating System: MAC OS X
2018-11-14 15:38:54 INFO  DriverFactory:58 - Local Architecture: x86_64
2018-11-14 15:38:54 INFO  DriverFactory:59 - Selected Browser: firefox
2018-11-14 15:38:54 INFO  DriverFactory:60 - Connecting to Selenium Grid: false
2018-11-14 15:38:54 INFO  DriverFactory:61 -  
2018-11-14 15:39:19 INFO  DriverFactory:56 -  
2018-11-14 15:39:19 INFO  DriverFactory:57 - Local Operating System: MAC OS X
2018-11-14 15:39:19 INFO  DriverFactory:58 - Local Architecture: x86_64
2018-11-14 15:39:19 INFO  DriverFactory:59 - Selected Browser: firefox
2018-11-14 15:39:19 INFO  DriverFactory:60 - Connecting to Selenium Grid: false
2018-11-14 15:39:19 INFO  DriverFactory:61 -  
2018-11-14 15:39:31 INFO  DriverFactory:56 -  
2018-11-14 15:39:31 INFO  DriverFactory:57 - Local Operating System: MAC OS X
2018-11-14 15:39:31 INFO  DriverFactory:58 - Local Architecture: x86_64
2018-11-14 15:39:31 INFO  DriverFactory:59 - Selected Browser: firefox
2018-11-14 15:39:31 INFO  DriverFactory:60 - Connecting to Selenium Grid: false
2018-11-14 15:39:31 INFO  DriverFactory:61 -  
2018-11-14 15:42:22 INFO  DriverFactory:56 -  
2018-11-14 15:42:22 INFO  DriverFactory:57 - Local Operating System: MAC OS X
2018-11-14 15:42:22 INFO  DriverFactory:58 - Local Architecture: x86_64
2018-11-14 15:42:22 INFO  DriverFactory:59 - Selected Browser: firefox
2018-11-14 15:42:22 INFO  DriverFactory:60 - Connecting to Selenium Grid: false
2018-11-14 15:42:22 INFO  DriverFactory:61 -  
2018-11-14 15:42:37 INFO  DriverFactory:56 -  
2018-11-14 15:42:37 INFO  DriverFactory:57 - Local Operating System: MAC OS X
2018-11-14 15:42:37 INFO  DriverFactory:58 - Local Architecture: x86_64
2018-11-14 15:42:37 INFO  DriverFactory:59 - Selected Browser: firefox
2018-11-14 15:42:37 INFO  DriverFactory:60 - Connecting to Selenium Grid: false
2018-11-14 15:42:37 INFO  DriverFactory:61 -  
2018-11-14 15:45:17 INFO  DriverFactory:56 -  
2018-11-14 15:45:17 INFO  DriverFactory:57 - Local Operating System: MAC OS X
2018-11-14 15:45:17 INFO  DriverFactory:58 - Local Architecture: x86_64
2018-11-14 15:45:17 INFO  DriverFactory:59 - Selected Browser: firefox
2018-11-14 15:45:17 INFO  DriverFactory:60 - Connecting to Selenium Grid: false
2018-11-14 15:45:17 INFO  DriverFactory:61 -  
2018-11-14 15:45:26 INFO  DriverFactory:56 -  
2018-11-14 15:45:26 INFO  DriverFactory:57 - Local Operating System: MAC OS X
2018-11-14 15:45:26 INFO  DriverFactory:58 - Local Architecture: x86_64
2018-11-14 15:45:26 INFO  DriverFactory:59 - Selected Browser: firefox
2018-11-14 15:45:26 INFO  DriverFactory:60 - Connecting to Selenium Grid: false
2018-11-14 15:45:26 INFO  DriverFactory:61 -  
2018-11-14 15:45:56 INFO  DriverFactory:56 -  
2018-11-14 15:45:56 INFO  DriverFactory:57 - Local Operating System: MAC OS X
2018-11-14 15:45:56 INFO  DriverFactory:58 - Local Architecture: x86_64
2018-11-14 15:45:56 INFO  DriverFactory:59 - Selected Browser: chrome
2018-11-14 15:45:56 INFO  DriverFactory:60 - Connecting to Selenium Grid: false
2018-11-14 15:45:56 INFO  DriverFactory:61 -  
2018-11-14 15:46:04 INFO  DriverFactory:56 -  
2018-11-14 15:46:04 INFO  DriverFactory:57 - Local Operating System: MAC OS X
2018-11-14 15:46:04 INFO  DriverFactory:58 - Local Architecture: x86_64
2018-11-14 15:46:04 INFO  DriverFactory:59 - Selected Browser: chrome
2018-11-14 15:46:04 INFO  DriverFactory:60 - Connecting to Selenium Grid: false
2018-11-14 15:46:04 INFO  DriverFactory:61 -  
2018-11-14 15:46:05 INFO  DriverFactory:56 -  
2018-11-14 15:46:05 INFO  DriverFactory:57 - Local Operating System: MAC OS X
2018-11-14 15:46:05 INFO  DriverFactory:58 - Local Architecture: x86_64
2018-11-14 15:46:05 INFO  DriverFactory:59 - Selected Browser: chrome
2018-11-14 15:46:05 INFO  DriverFactory:60 - Connecting to Selenium Grid: false
2018-11-14 15:46:05 INFO  DriverFactory:61 -  
2018-11-14 15:46:06 INFO  DriverFactory:56 -  
2018-11-14 15:46:06 INFO  DriverFactory:57 - Local Operating System: MAC OS X
2018-11-14 15:46:06 INFO  DriverFactory:58 - Local Architecture: x86_64
2018-11-14 15:46:06 INFO  DriverFactory:59 - Selected Browser: chrome
2018-11-14 15:46:06 INFO  DriverFactory:60 - Connecting to Selenium Grid: false
2018-11-14 15:46:06 INFO  DriverFactory:61 -  
2018-11-14 15:51:29 INFO  DriverFactory:56 -  
2018-11-14 15:51:29 INFO  DriverFactory:57 - Local Operating System: MAC OS X
2018-11-14 15:51:29 INFO  DriverFactory:58 - Local Architecture: x86_64
2018-11-14 15:51:29 INFO  DriverFactory:59 - Selected Browser: chrome
2018-11-14 15:51:29 INFO  DriverFactory:60 - Connecting to Selenium Grid: false
2018-11-14 15:51:29 INFO  DriverFactory:61 -  
2018-11-14 15:51:31 INFO  DriverFactory:56 -  
2018-11-14 15:51:31 INFO  DriverFactory:57 - Local Operating System: MAC OS X
2018-11-14 15:51:31 INFO  DriverFactory:58 - Local Architecture: x86_64
2018-11-14 15:51:31 INFO  DriverFactory:59 - Selected Browser: chrome
2018-11-14 15:51:31 INFO  DriverFactory:60 - Connecting to Selenium Grid: false
2018-11-14 15:51:31 INFO  DriverFactory:61 -  
2018-11-14 15:51:32 INFO  DriverFactory:56 -  
2018-11-14 15:51:32 INFO  DriverFactory:57 - Local Operating System: MAC OS X
2018-11-14 15:51:32 INFO  DriverFactory:58 - Local Architecture: x86_64
2018-11-14 15:51:32 INFO  DriverFactory:59 - Selected Browser: chrome
2018-11-14 15:51:32 INFO  DriverFactory:60 - Connecting to Selenium Grid: false
2018-11-14 15:51:32 INFO  DriverFactory:61 -  
2018-11-14 15:51:33 INFO  DriverFactory:56 -  
2018-11-14 15:51:33 INFO  DriverFactory:57 - Local Operating System: MAC OS X
2018-11-14 15:51:33 INFO  DriverFactory:58 - Local Architecture: x86_64
2018-11-14 15:51:33 INFO  DriverFactory:59 - Selected Browser: chrome
2018-11-14 15:51:33 INFO  DriverFactory:60 - Connecting to Selenium Grid: false
2018-11-14 15:51:33 INFO  DriverFactory:61 -  
2018-11-14 15:53:09 INFO  DriverFactory:56 -  
2018-11-14 15:53:09 INFO  DriverFactory:57 - Local Operating System: MAC OS X
2018-11-14 15:53:09 INFO  DriverFactory:58 - Local Architecture: x86_64
2018-11-14 15:53:09 INFO  DriverFactory:59 - Selected Browser: chrome
2018-11-14 15:53:09 INFO  DriverFactory:60 - Connecting to Selenium Grid: false
2018-11-14 15:53:09 INFO  DriverFactory:61 -  
2018-11-14 15:53:27 INFO  DriverFactory:56 -  
2018-11-14 15:53:27 INFO  DriverFactory:57 - Local Operating System: MAC OS X
2018-11-14 15:53:27 INFO  DriverFactory:58 - Local Architecture: x86_64
2018-11-14 15:53:27 INFO  DriverFactory:59 - Selected Browser: chrome
2018-11-14 15:53:27 INFO  DriverFactory:60 - Connecting to Selenium Grid: false
2018-11-14 15:53:27 INFO  DriverFactory:61 -  
2018-11-14 15:53:29 INFO  DriverFactory:56 -  
2018-11-14 15:53:29 INFO  DriverFactory:57 - Local Operating System: MAC OS X
2018-11-14 15:53:29 INFO  DriverFactory:58 - Local Architecture: x86_64
2018-11-14 15:53:29 INFO  DriverFactory:59 - Selected Browser: chrome
2018-11-14 15:53:29 INFO  DriverFactory:60 - Connecting to Selenium Grid: false
2018-11-14 15:53:29 INFO  DriverFactory:61 -  
2018-11-14 15:53:30 INFO  DriverFactory:56 -  
2018-11-14 15:53:30 INFO  DriverFactory:57 - Local Operating System: MAC OS X
2018-11-14 15:53:30 INFO  DriverFactory:58 - Local Architecture: x86_64
2018-11-14 15:53:30 INFO  DriverFactory:59 - Selected Browser: chrome
2018-11-14 15:53:30 INFO  DriverFactory:60 - Connecting to Selenium Grid: false
2018-11-14 15:53:30 INFO  DriverFactory:61 -  
2018-11-14 15:53:31 INFO  DriverFactory:56 -  
2018-11-14 15:53:31 INFO  DriverFactory:57 - Local Operating System: MAC OS X
2018-11-14 15:53:31 INFO  DriverFactory:58 - Local Architecture: x86_64
2018-11-14 15:53:31 INFO  DriverFactory:59 - Selected Browser: chrome
2018-11-14 15:53:31 INFO  DriverFactory:60 - Connecting to Selenium Grid: false
2018-11-14 15:53:31 INFO  DriverFactory:61 -  
2018-11-14 15:55:20 INFO  DriverFactory:56 -  
2018-11-14 15:55:20 INFO  DriverFactory:56 -  
2018-11-14 15:55:20 INFO  DriverFactory:56 -  
2018-11-14 15:55:20 INFO  DriverFactory:56 -  
2018-11-14 15:55:20 INFO  DriverFactory:57 - Local Operating System: MAC OS X
2018-11-14 15:55:20 INFO  DriverFactory:56 -  
2018-11-14 15:55:20 INFO  DriverFactory:58 - Local Architecture: x86_64
2018-11-14 15:55:20 INFO  DriverFactory:57 - Local Operating System: MAC OS X
2018-11-14 15:55:20 INFO  DriverFactory:58 - Local Architecture: x86_64
2018-11-14 15:55:20 INFO  DriverFactory:59 - Selected Browser: chrome
2018-11-14 15:55:20 INFO  DriverFactory:57 - Local Operating System: MAC OS X
2018-11-14 15:55:20 INFO  DriverFactory:58 - Local Architecture: x86_64
2018-11-14 15:55:20 INFO  DriverFactory:57 - Local Operating System: MAC OS X
2018-11-14 15:55:20 INFO  DriverFactory:59 - Selected Browser: chrome
2018-11-14 15:55:20 INFO  DriverFactory:60 - Connecting to Selenium Grid: false
2018-11-14 15:55:20 INFO  DriverFactory:59 - Selected Browser: chrome
2018-11-14 15:55:20 INFO  DriverFactory:57 - Local Operating System: MAC OS X
2018-11-14 15:55:20 INFO  DriverFactory:58 - Local Architecture: x86_64
2018-11-14 15:55:20 INFO  DriverFactory:60 - Connecting to Selenium Grid: false
2018-11-14 15:55:20 INFO  DriverFactory:61 -  
2018-11-14 15:55:20 INFO  DriverFactory:61 -  
2018-11-14 15:55:20 INFO  DriverFactory:60 - Connecting to Selenium Grid: false
2018-11-14 15:55:20 INFO  DriverFactory:58 - Local Architecture: x86_64
2018-11-14 15:55:20 INFO  DriverFactory:61 -  
2018-11-14 15:55:20 INFO  DriverFactory:59 - Selected Browser: chrome
2018-11-14 15:55:20 INFO  DriverFactory:59 - Selected Browser: chrome
2018-11-14 15:55:20 INFO  DriverFactory:60 - Connecting to Selenium Grid: false
2018-11-14 15:55:20 INFO  DriverFactory:60 - Connecting to Selenium Grid: false
2018-11-14 15:55:20 INFO  DriverFactory:61 -  
2018-11-14 15:55:20 INFO  DriverFactory:61 -  
2018-11-14 15:55:25 INFO  DriverFactory:56 -  
2018-11-14 15:55:25 INFO  DriverFactory:57 - Local Operating System: MAC OS X
2018-11-14 15:55:25 INFO  DriverFactory:58 - Local Architecture: x86_64
2018-11-14 15:55:25 INFO  DriverFactory:59 - Selected Browser: chrome
2018-11-14 15:55:25 INFO  DriverFactory:60 - Connecting to Selenium Grid: false
2018-11-14 15:55:25 INFO  DriverFactory:61 -  
2018-11-14 15:55:25 INFO  DriverFactory:56 -  
2018-11-14 15:55:25 INFO  DriverFactory:56 -  
2018-11-14 15:55:25 INFO  DriverFactory:57 - Local Operating System: MAC OS X
2018-11-14 15:55:25 INFO  DriverFactory:58 - Local Architecture: x86_64
2018-11-14 15:55:25 INFO  DriverFactory:59 - Selected Browser: chrome
2018-11-14 15:55:25 INFO  DriverFactory:60 - Connecting to Selenium Grid: false
2018-11-14 15:55:25 INFO  DriverFactory:61 -  
2018-11-14 15:55:25 INFO  DriverFactory:56 -  
2018-11-14 15:55:25 INFO  DriverFactory:57 - Local Operating System: MAC OS X
2018-11-14 15:55:25 INFO  DriverFactory:58 - Local Architecture: x86_64
2018-11-14 15:55:25 INFO  DriverFactory:59 - Selected Browser: chrome
2018-11-14 15:55:25 INFO  DriverFactory:60 - Connecting to Selenium Grid: false
2018-11-14 15:55:25 INFO  DriverFactory:61 -  
2018-11-14 15:55:25 INFO  DriverFactory:57 - Local Operating System: MAC OS X
2018-11-14 15:55:25 INFO  DriverFactory:58 - Local Architecture: x86_64
2018-11-14 15:55:25 INFO  DriverFactory:59 - Selected Browser: chrome
2018-11-14 15:55:25 INFO  DriverFactory:60 - Connecting to Selenium Grid: false
2018-11-14 15:55:25 INFO  DriverFactory:56 -  
2018-11-14 15:55:25 INFO  DriverFactory:57 - Local Operating System: MAC OS X
2018-11-14 15:55:25 INFO  DriverFactory:58 - Local Architecture: x86_64
2018-11-14 15:55:25 INFO  DriverFactory:59 - Selected Browser: chrome
2018-11-14 15:55:25 INFO  DriverFactory:60 - Connecting to Selenium Grid: false
2018-11-14 15:55:25 INFO  DriverFactory:61 -  
2018-11-14 15:55:25 INFO  DriverFactory:61 -  
2018-11-14 15:55:27 INFO  DriverFactory:56 -  
2018-11-14 15:55:27 INFO  DriverFactory:57 - Local Operating System: MAC OS X
2018-11-14 15:55:27 INFO  DriverFactory:58 - Local Architecture: x86_64
2018-11-14 15:55:27 INFO  DriverFactory:59 - Selected Browser: chrome
2018-11-14 15:55:27 INFO  DriverFactory:60 - Connecting to Selenium Grid: false
2018-11-14 15:55:27 INFO  DriverFactory:61 -  
2018-11-14 15:56:08 INFO  DriverFactory:56 -  
2018-11-14 15:56:08 INFO  DriverFactory:56 -  
2018-11-14 15:56:08 INFO  DriverFactory:56 -  
2018-11-14 15:56:08 INFO  DriverFactory:57 - Local Operating System: MAC OS X
2018-11-14 15:56:08 INFO  DriverFactory:56 -  
2018-11-14 15:56:08 INFO  DriverFactory:56 -  
2018-11-14 15:56:08 INFO  DriverFactory:57 - Local Operating System: MAC OS X
2018-11-14 15:56:08 INFO  DriverFactory:58 - Local Architecture: x86_64
2018-11-14 15:56:08 INFO  DriverFactory:59 - Selected Browser: chrome
2018-11-14 15:56:08 INFO  DriverFactory:57 - Local Operating System: MAC OS X
2018-11-14 15:56:08 INFO  DriverFactory:58 - Local Architecture: x86_64
2018-11-14 15:56:08 INFO  DriverFactory:57 - Local Operating System: MAC OS X
2018-11-14 15:56:08 INFO  DriverFactory:57 - Local Operating System: MAC OS X
2018-11-14 15:56:08 INFO  DriverFactory:58 - Local Architecture: x86_64
2018-11-14 15:56:08 INFO  DriverFactory:59 - Selected Browser: chrome
2018-11-14 15:56:08 INFO  DriverFactory:58 - Local Architecture: x86_64
2018-11-14 15:56:08 INFO  DriverFactory:59 - Selected Browser: chrome
2018-11-14 15:56:08 INFO  DriverFactory:60 - Connecting to Selenium Grid: false
2018-11-14 15:56:08 INFO  DriverFactory:61 -  
2018-11-14 15:56:08 INFO  DriverFactory:60 - Connecting to Selenium Grid: false
2018-11-14 15:56:08 INFO  DriverFactory:61 -  
2018-11-14 15:56:08 INFO  DriverFactory:60 - Connecting to Selenium Grid: false
2018-11-14 15:56:08 INFO  DriverFactory:61 -  
2018-11-14 15:56:08 INFO  DriverFactory:59 - Selected Browser: chrome
2018-11-14 15:56:08 INFO  DriverFactory:60 - Connecting to Selenium Grid: false
2018-11-14 15:56:08 INFO  DriverFactory:61 -  
2018-11-14 15:56:08 INFO  DriverFactory:58 - Local Architecture: x86_64
2018-11-14 15:56:08 INFO  DriverFactory:59 - Selected Browser: chrome
2018-11-14 15:56:08 INFO  DriverFactory:60 - Connecting to Selenium Grid: false
2018-11-14 15:56:08 INFO  DriverFactory:61 -  
2018-11-14 15:56:18 INFO  DriverFactory:56 -  
2018-11-14 15:56:18 INFO  DriverFactory:57 - Local Operating System: MAC OS X
2018-11-14 15:56:18 INFO  DriverFactory:58 - Local Architecture: x86_64
2018-11-14 15:56:18 INFO  DriverFactory:56 -  
2018-11-14 15:56:18 INFO  DriverFactory:57 - Local Operating System: MAC OS X
2018-11-14 15:56:18 INFO  DriverFactory:58 - Local Architecture: x86_64
2018-11-14 15:56:18 INFO  DriverFactory:59 - Selected Browser: chrome
2018-11-14 15:56:18 INFO  DriverFactory:60 - Connecting to Selenium Grid: false
2018-11-14 15:56:18 INFO  DriverFactory:61 -  
2018-11-14 15:56:18 INFO  DriverFactory:59 - Selected Browser: chrome
2018-11-14 15:56:18 INFO  DriverFactory:60 - Connecting to Selenium Grid: false
2018-11-14 15:56:18 INFO  DriverFactory:61 -  
2018-11-14 15:56:18 INFO  DriverFactory:56 -  
2018-11-14 15:56:18 INFO  DriverFactory:57 - Local Operating System: MAC OS X
2018-11-14 15:56:18 INFO  DriverFactory:58 - Local Architecture: x86_64
2018-11-14 15:56:18 INFO  DriverFactory:59 - Selected Browser: chrome
2018-11-14 15:56:18 INFO  DriverFactory:60 - Connecting to Selenium Grid: false
2018-11-14 15:56:18 INFO  DriverFactory:61 -  
2018-11-14 15:56:18 INFO  DriverFactory:56 -  
2018-11-14 15:56:18 INFO  DriverFactory:57 - Local Operating System: MAC OS X
2018-11-14 15:56:18 INFO  DriverFactory:58 - Local Architecture: x86_64
2018-11-14 15:56:18 INFO  DriverFactory:59 - Selected Browser: chrome
2018-11-14 15:56:18 INFO  DriverFactory:60 - Connecting to Selenium Grid: false
2018-11-14 15:56:18 INFO  DriverFactory:61 -  
2018-11-14 15:56:56 INFO  DriverFactory:56 -  
2018-11-14 15:56:56 INFO  DriverFactory:56 -  
2018-11-14 15:56:56 INFO  DriverFactory:56 -  
2018-11-14 15:56:56 INFO  DriverFactory:56 -  
2018-11-14 15:56:56 INFO  DriverFactory:57 - Local Operating System: MAC OS X
2018-11-14 15:56:56 INFO  DriverFactory:56 -  
2018-11-14 15:56:56 INFO  DriverFactory:58 - Local Architecture: x86_64
2018-11-14 15:56:56 INFO  DriverFactory:57 - Local Operating System: MAC OS X
2018-11-14 15:56:56 INFO  DriverFactory:57 - Local Operating System: MAC OS X
2018-11-14 15:56:56 INFO  DriverFactory:57 - Local Operating System: MAC OS X
2018-11-14 15:56:56 INFO  DriverFactory:58 - Local Architecture: x86_64
2018-11-14 15:56:56 INFO  DriverFactory:58 - Local Architecture: x86_64
2018-11-14 15:56:56 INFO  DriverFactory:59 - Selected Browser: chrome
2018-11-14 15:56:56 INFO  DriverFactory:57 - Local Operating System: MAC OS X
2018-11-14 15:56:56 INFO  DriverFactory:60 - Connecting to Selenium Grid: false
2018-11-14 15:56:56 INFO  DriverFactory:61 -  
2018-11-14 15:56:56 INFO  DriverFactory:59 - Selected Browser: chrome
2018-11-14 15:56:56 INFO  DriverFactory:59 - Selected Browser: chrome
2018-11-14 15:56:56 INFO  DriverFactory:58 - Local Architecture: x86_64
2018-11-14 15:56:56 INFO  DriverFactory:60 - Connecting to Selenium Grid: false
2018-11-14 15:56:56 INFO  DriverFactory:60 - Connecting to Selenium Grid: false
2018-11-14 15:56:56 INFO  DriverFactory:58 - Local Architecture: x86_64
2018-11-14 15:56:56 INFO  DriverFactory:61 -  
2018-11-14 15:56:56 INFO  DriverFactory:61 -  
2018-11-14 15:56:56 INFO  DriverFactory:59 - Selected Browser: chrome
2018-11-14 15:56:56 INFO  DriverFactory:59 - Selected Browser: chrome
2018-11-14 15:56:56 INFO  DriverFactory:60 - Connecting to Selenium Grid: false
2018-11-14 15:56:56 INFO  DriverFactory:60 - Connecting to Selenium Grid: false
2018-11-14 15:56:56 INFO  DriverFactory:61 -  
2018-11-14 15:56:56 INFO  DriverFactory:61 -  
2018-11-14 15:57:05 INFO  DriverFactory:56 -  
2018-11-14 15:57:05 INFO  DriverFactory:57 - Local Operating System: MAC OS X
2018-11-14 15:57:05 INFO  DriverFactory:58 - Local Architecture: x86_64
2018-11-14 15:57:05 INFO  DriverFactory:59 - Selected Browser: chrome
2018-11-14 15:57:05 INFO  DriverFactory:60 - Connecting to Selenium Grid: false
2018-11-14 15:57:05 INFO  DriverFactory:61 -  
2018-11-14 15:57:10 INFO  DriverFactory:56 -  
2018-11-14 15:57:10 INFO  DriverFactory:57 - Local Operating System: MAC OS X
2018-11-14 15:57:10 INFO  DriverFactory:56 -  
2018-11-14 15:57:10 INFO  DriverFactory:58 - Local Architecture: x86_64
2018-11-14 15:57:10 INFO  DriverFactory:56 -  
2018-11-14 15:57:10 INFO  DriverFactory:56 -  
2018-11-14 15:57:10 INFO  DriverFactory:57 - Local Operating System: MAC OS X
2018-11-14 15:57:10 INFO  DriverFactory:59 - Selected Browser: chrome
2018-11-14 15:57:10 INFO  DriverFactory:57 - Local Operating System: MAC OS X
2018-11-14 15:57:10 INFO  DriverFactory:60 - Connecting to Selenium Grid: false
2018-11-14 15:57:10 INFO  DriverFactory:58 - Local Architecture: x86_64
2018-11-14 15:57:10 INFO  DriverFactory:57 - Local Operating System: MAC OS X
2018-11-14 15:57:10 INFO  DriverFactory:58 - Local Architecture: x86_64
2018-11-14 15:57:10 INFO  DriverFactory:59 - Selected Browser: chrome
2018-11-14 15:57:10 INFO  DriverFactory:61 -  
2018-11-14 15:57:10 INFO  DriverFactory:58 - Local Architecture: x86_64
2018-11-14 15:57:10 INFO  DriverFactory:60 - Connecting to Selenium Grid: false
2018-11-14 15:57:10 INFO  DriverFactory:59 - Selected Browser: chrome
2018-11-14 15:57:11 INFO  DriverFactory:61 -  
2018-11-14 15:57:10 INFO  DriverFactory:59 - Selected Browser: chrome
2018-11-14 15:57:11 INFO  DriverFactory:60 - Connecting to Selenium Grid: false
2018-11-14 15:57:11 INFO  DriverFactory:60 - Connecting to Selenium Grid: false
2018-11-14 15:57:13 INFO  DriverFactory:61 -  
2018-11-14 15:57:13 INFO  DriverFactory:61 -  
2018-11-14 15:57:17 INFO  DriverFactory:56 -  
2018-11-14 15:57:17 INFO  DriverFactory:57 - Local Operating System: MAC OS X
2018-11-14 15:57:17 INFO  DriverFactory:58 - Local Architecture: x86_64
2018-11-14 15:57:17 INFO  DriverFactory:59 - Selected Browser: chrome
2018-11-14 15:57:17 INFO  DriverFactory:60 - Connecting to Selenium Grid: false
2018-11-14 15:57:17 INFO  DriverFactory:61 -  
2018-11-14 16:01:20 INFO  DriverFactory:56 -  
2018-11-14 16:01:20 INFO  DriverFactory:57 - Local Operating System: MAC OS X
2018-11-14 16:01:20 INFO  DriverFactory:58 - Local Architecture: x86_64
2018-11-14 16:01:20 INFO  DriverFactory:59 - Selected Browser: firefox
2018-11-14 16:01:20 INFO  DriverFactory:60 - Connecting to Selenium Grid: false
2018-11-14 16:01:20 INFO  DriverFactory:61 -  
2018-11-14 16:01:20 INFO  DriverFactory:56 -  
2018-11-14 16:01:20 INFO  DriverFactory:57 - Local Operating System: MAC OS X
2018-11-14 16:01:20 INFO  DriverFactory:58 - Local Architecture: x86_64
2018-11-14 16:01:20 INFO  DriverFactory:59 - Selected Browser: firefox
2018-11-14 16:01:20 INFO  DriverFactory:60 - Connecting to Selenium Grid: false
2018-11-14 16:01:20 INFO  DriverFactory:61 -  
2018-11-14 16:01:20 INFO  DriverFactory:56 -  
2018-11-14 16:01:20 INFO  DriverFactory:57 - Local Operating System: MAC OS X
2018-11-14 16:01:20 INFO  DriverFactory:58 - Local Architecture: x86_64
2018-11-14 16:01:20 INFO  DriverFactory:59 - Selected Browser: firefox
2018-11-14 16:01:20 INFO  DriverFactory:60 - Connecting to Selenium Grid: false
2018-11-14 16:01:20 INFO  DriverFactory:61 -  
2018-11-14 16:01:20 INFO  DriverFactory:56 -  
2018-11-14 16:01:20 INFO  DriverFactory:57 - Local Operating System: MAC OS X
2018-11-14 16:01:20 INFO  DriverFactory:58 - Local Architecture: x86_64
2018-11-14 16:01:20 INFO  DriverFactory:59 - Selected Browser: firefox
2018-11-14 16:01:20 INFO  DriverFactory:60 - Connecting to Selenium Grid: false
2018-11-14 16:01:20 INFO  DriverFactory:61 -  
2018-11-14 16:02:04 INFO  DriverFactory:56 -  
2018-11-14 16:02:04 INFO  DriverFactory:56 -  
2018-11-14 16:02:04 INFO  DriverFactory:56 -  
2018-11-14 16:02:04 INFO  DriverFactory:56 -  
2018-11-14 16:02:04 INFO  DriverFactory:57 - Local Operating System: MAC OS X
2018-11-14 16:02:04 INFO  DriverFactory:56 -  
2018-11-14 16:02:04 INFO  DriverFactory:58 - Local Architecture: x86_64
2018-11-14 16:02:04 INFO  DriverFactory:57 - Local Operating System: MAC OS X
2018-11-14 16:02:04 INFO  DriverFactory:58 - Local Architecture: x86_64
2018-11-14 16:02:04 INFO  DriverFactory:57 - Local Operating System: MAC OS X
2018-11-14 16:02:04 INFO  DriverFactory:57 - Local Operating System: MAC OS X
2018-11-14 16:02:04 INFO  DriverFactory:58 - Local Architecture: x86_64
2018-11-14 16:02:04 INFO  DriverFactory:59 - Selected Browser: chrome
2018-11-14 16:02:04 INFO  DriverFactory:59 - Selected Browser: chrome
2018-11-14 16:02:04 INFO  DriverFactory:59 - Selected Browser: chrome
2018-11-14 16:02:04 INFO  DriverFactory:57 - Local Operating System: MAC OS X
2018-11-14 16:02:04 INFO  DriverFactory:60 - Connecting to Selenium Grid: false
2018-11-14 16:02:04 INFO  DriverFactory:61 -  
2018-11-14 16:02:04 INFO  DriverFactory:60 - Connecting to Selenium Grid: false
2018-11-14 16:02:04 INFO  DriverFactory:60 - Connecting to Selenium Grid: false
2018-11-14 16:02:04 INFO  DriverFactory:58 - Local Architecture: x86_64
2018-11-14 16:02:04 INFO  DriverFactory:61 -  
2018-11-14 16:02:04 INFO  DriverFactory:61 -  
2018-11-14 16:02:04 INFO  DriverFactory:58 - Local Architecture: x86_64
2018-11-14 16:02:04 INFO  DriverFactory:59 - Selected Browser: chrome
2018-11-14 16:02:04 INFO  DriverFactory:59 - Selected Browser: chrome
2018-11-14 16:02:04 INFO  DriverFactory:60 - Connecting to Selenium Grid: false
2018-11-14 16:02:04 INFO  DriverFactory:61 -  
2018-11-14 16:02:04 INFO  DriverFactory:60 - Connecting to Selenium Grid: false
2018-11-14 16:02:04 INFO  DriverFactory:61 -  
2018-11-14 16:02:08 INFO  DriverFactory:56 -  
2018-11-14 16:02:08 INFO  DriverFactory:57 - Local Operating System: MAC OS X
2018-11-14 16:02:08 INFO  DriverFactory:58 - Local Architecture: x86_64
2018-11-14 16:02:08 INFO  DriverFactory:59 - Selected Browser: chrome
2018-11-14 16:02:08 INFO  DriverFactory:60 - Connecting to Selenium Grid: false
2018-11-14 16:02:08 INFO  DriverFactory:61 -  
2018-11-14 16:02:08 INFO  DriverFactory:56 -  
2018-11-14 16:02:08 INFO  DriverFactory:57 - Local Operating System: MAC OS X
2018-11-14 16:02:08 INFO  DriverFactory:58 - Local Architecture: x86_64
2018-11-14 16:02:08 INFO  DriverFactory:59 - Selected Browser: chrome
2018-11-14 16:02:08 INFO  DriverFactory:60 - Connecting to Selenium Grid: false
2018-11-14 16:02:08 INFO  DriverFactory:61 -  
2018-11-14 16:02:08 INFO  DriverFactory:56 -  
2018-11-14 16:02:08 INFO  DriverFactory:57 - Local Operating System: MAC OS X
2018-11-14 16:02:08 INFO  DriverFactory:58 - Local Architecture: x86_64
2018-11-14 16:02:08 INFO  DriverFactory:59 - Selected Browser: chrome
2018-11-14 16:02:08 INFO  DriverFactory:60 - Connecting to Selenium Grid: false
2018-11-14 16:02:08 INFO  DriverFactory:61 -  
2018-11-14 16:02:08 INFO  DriverFactory:56 -  
2018-11-14 16:02:08 INFO  DriverFactory:57 - Local Operating System: MAC OS X
2018-11-14 16:02:08 INFO  DriverFactory:58 - Local Architecture: x86_64
2018-11-14 16:02:08 INFO  DriverFactory:59 - Selected Browser: chrome
2018-11-14 16:02:08 INFO  DriverFactory:60 - Connecting to Selenium Grid: false
2018-11-14 16:02:08 INFO  DriverFactory:61 -  
2018-11-14 16:02:08 INFO  DriverFactory:56 -  
2018-11-14 16:02:08 INFO  DriverFactory:57 - Local Operating System: MAC OS X
2018-11-14 16:02:08 INFO  DriverFactory:58 - Local Architecture: x86_64
2018-11-14 16:02:08 INFO  DriverFactory:59 - Selected Browser: chrome
2018-11-14 16:02:08 INFO  DriverFactory:60 - Connecting to Selenium Grid: false
2018-11-14 16:02:08 INFO  DriverFactory:61 -  
2018-11-14 16:02:10 INFO  DriverFactory:56 -  
2018-11-14 16:02:10 INFO  DriverFactory:57 - Local Operating System: MAC OS X
2018-11-14 16:02:10 INFO  DriverFactory:58 - Local Architecture: x86_64
2018-11-14 16:02:10 INFO  DriverFactory:59 - Selected Browser: chrome
2018-11-14 16:02:10 INFO  DriverFactory:60 - Connecting to Selenium Grid: false
2018-11-14 16:02:10 INFO  DriverFactory:61 -  
2018-11-14 16:07:09 INFO  DriverFactory:56 -  
2018-11-14 16:07:09 INFO  DriverFactory:57 - Local Operating System: MAC OS X
2018-11-14 16:07:09 INFO  DriverFactory:58 - Local Architecture: x86_64
2018-11-14 16:07:09 INFO  DriverFactory:59 - Selected Browser: chrome
2018-11-14 16:07:09 INFO  DriverFactory:60 - Connecting to Selenium Grid: false
2018-11-14 16:07:09 INFO  DriverFactory:61 -  
2018-11-14 16:07:11 INFO  DriverFactory:56 -  
2018-11-14 16:07:11 INFO  DriverFactory:57 - Local Operating System: MAC OS X
2018-11-14 16:07:11 INFO  DriverFactory:58 - Local Architecture: x86_64
2018-11-14 16:07:11 INFO  DriverFactory:59 - Selected Browser: chrome
2018-11-14 16:07:11 INFO  DriverFactory:60 - Connecting to Selenium Grid: false
2018-11-14 16:07:11 INFO  DriverFactory:61 -  
2018-11-14 16:07:12 INFO  DriverFactory:56 -  
2018-11-14 16:07:12 INFO  DriverFactory:57 - Local Operating System: MAC OS X
2018-11-14 16:07:12 INFO  DriverFactory:58 - Local Architecture: x86_64
2018-11-14 16:07:12 INFO  DriverFactory:59 - Selected Browser: chrome
2018-11-14 16:07:12 INFO  DriverFactory:60 - Connecting to Selenium Grid: false
2018-11-14 16:07:12 INFO  DriverFactory:61 -  
2018-11-14 16:07:13 INFO  DriverFactory:56 -  
2018-11-14 16:07:13 INFO  DriverFactory:57 - Local Operating System: MAC OS X
2018-11-14 16:07:13 INFO  DriverFactory:58 - Local Architecture: x86_64
2018-11-14 16:07:13 INFO  DriverFactory:59 - Selected Browser: chrome
2018-11-14 16:07:13 INFO  DriverFactory:60 - Connecting to Selenium Grid: false
2018-11-14 16:07:13 INFO  DriverFactory:61 -  
2018-11-14 16:09:04 INFO  DriverFactory:56 -  
2018-11-14 16:09:04 INFO  DriverFactory:57 - Local Operating System: MAC OS X
2018-11-14 16:09:04 INFO  DriverFactory:58 - Local Architecture: x86_64
2018-11-14 16:09:04 INFO  DriverFactory:59 - Selected Browser: chrome
2018-11-14 16:09:04 INFO  DriverFactory:60 - Connecting to Selenium Grid: false
2018-11-14 16:09:04 INFO  DriverFactory:61 -  
2018-11-14 16:09:06 INFO  DriverFactory:56 -  
2018-11-14 16:09:06 INFO  DriverFactory:57 - Local Operating System: MAC OS X
2018-11-14 16:09:06 INFO  DriverFactory:58 - Local Architecture: x86_64
2018-11-14 16:09:06 INFO  DriverFactory:59 - Selected Browser: chrome
2018-11-14 16:09:06 INFO  DriverFactory:60 - Connecting to Selenium Grid: false
2018-11-14 16:09:06 INFO  DriverFactory:61 -  
2018-11-14 16:09:07 INFO  DriverFactory:56 -  
2018-11-14 16:09:07 INFO  DriverFactory:57 - Local Operating System: MAC OS X
2018-11-14 16:09:07 INFO  DriverFactory:58 - Local Architecture: x86_64
2018-11-14 16:09:07 INFO  DriverFactory:59 - Selected Browser: chrome
2018-11-14 16:09:07 INFO  DriverFactory:60 - Connecting to Selenium Grid: false
2018-11-14 16:09:07 INFO  DriverFactory:61 -  
2018-11-14 16:09:08 INFO  DriverFactory:56 -  
2018-11-14 16:09:08 INFO  DriverFactory:57 - Local Operating System: MAC OS X
2018-11-14 16:09:08 INFO  DriverFactory:58 - Local Architecture: x86_64
2018-11-14 16:09:08 INFO  DriverFactory:59 - Selected Browser: chrome
2018-11-14 16:09:08 INFO  DriverFactory:60 - Connecting to Selenium Grid: false
2018-11-14 16:09:08 INFO  DriverFactory:61 -  
2018-11-14 16:09:31 INFO  DriverFactory:56 -  
2018-11-14 16:09:31 INFO  DriverFactory:57 - Local Operating System: MAC OS X
2018-11-14 16:09:31 INFO  DriverFactory:58 - Local Architecture: x86_64
2018-11-14 16:09:31 INFO  DriverFactory:59 - Selected Browser: chrome
2018-11-14 16:09:31 INFO  DriverFactory:60 - Connecting to Selenium Grid: false
2018-11-14 16:09:31 INFO  DriverFactory:61 -  
2018-11-14 16:09:33 INFO  DriverFactory:56 -  
2018-11-14 16:09:33 INFO  DriverFactory:57 - Local Operating System: MAC OS X
2018-11-14 16:09:33 INFO  DriverFactory:58 - Local Architecture: x86_64
2018-11-14 16:09:33 INFO  DriverFactory:59 - Selected Browser: chrome
2018-11-14 16:09:33 INFO  DriverFactory:60 - Connecting to Selenium Grid: false
2018-11-14 16:09:33 INFO  DriverFactory:61 -  
2018-11-14 16:09:34 INFO  DriverFactory:56 -  
2018-11-14 16:09:34 INFO  DriverFactory:57 - Local Operating System: MAC OS X
2018-11-14 16:09:34 INFO  DriverFactory:58 - Local Architecture: x86_64
2018-11-14 16:09:34 INFO  DriverFactory:59 - Selected Browser: chrome
2018-11-14 16:09:34 INFO  DriverFactory:60 - Connecting to Selenium Grid: false
2018-11-14 16:09:34 INFO  DriverFactory:61 -  
2018-11-14 16:09:36 INFO  DriverFactory:56 -  
2018-11-14 16:09:36 INFO  DriverFactory:57 - Local Operating System: MAC OS X
2018-11-14 16:09:36 INFO  DriverFactory:58 - Local Architecture: x86_64
2018-11-14 16:09:36 INFO  DriverFactory:59 - Selected Browser: chrome
2018-11-14 16:09:36 INFO  DriverFactory:60 - Connecting to Selenium Grid: false
2018-11-14 16:09:36 INFO  DriverFactory:61 -  
2018-11-14 16:09:37 INFO  DriverFactory:56 -  
2018-11-14 16:09:37 INFO  DriverFactory:57 - Local Operating System: MAC OS X
2018-11-14 16:09:37 INFO  DriverFactory:58 - Local Architecture: x86_64
2018-11-14 16:09:37 INFO  DriverFactory:59 - Selected Browser: chrome
2018-11-14 16:09:37 INFO  DriverFactory:60 - Connecting to Selenium Grid: false
2018-11-14 16:09:37 INFO  DriverFactory:61 -  
2018-11-14 16:09:38 INFO  DriverFactory:56 -  
2018-11-14 16:09:38 INFO  DriverFactory:57 - Local Operating System: MAC OS X
2018-11-14 16:09:38 INFO  DriverFactory:58 - Local Architecture: x86_64
2018-11-14 16:09:38 INFO  DriverFactory:59 - Selected Browser: chrome
2018-11-14 16:09:38 INFO  DriverFactory:60 - Connecting to Selenium Grid: false
2018-11-14 16:09:38 INFO  DriverFactory:61 -  
2018-11-14 16:10:09 INFO  DriverFactory:56 -  
2018-11-14 16:10:09 INFO  DriverFactory:57 - Local Operating System: MAC OS X
2018-11-14 16:10:09 INFO  DriverFactory:58 - Local Architecture: x86_64
2018-11-14 16:10:09 INFO  DriverFactory:59 - Selected Browser: chrome
2018-11-14 16:10:09 INFO  DriverFactory:60 - Connecting to Selenium Grid: false
2018-11-14 16:10:09 INFO  DriverFactory:61 -  
2018-11-14 16:10:11 INFO  DriverFactory:56 -  
2018-11-14 16:10:11 INFO  DriverFactory:57 - Local Operating System: MAC OS X
2018-11-14 16:10:11 INFO  DriverFactory:58 - Local Architecture: x86_64
2018-11-14 16:10:11 INFO  DriverFactory:59 - Selected Browser: chrome
2018-11-14 16:10:11 INFO  DriverFactory:60 - Connecting to Selenium Grid: false
2018-11-14 16:10:11 INFO  DriverFactory:61 -  
2018-11-14 16:12:20 INFO  DriverFactory:56 -  
2018-11-14 16:12:20 INFO  DriverFactory:57 - Local Operating System: MAC OS X
2018-11-14 16:12:20 INFO  DriverFactory:58 - Local Architecture: x86_64
2018-11-14 16:12:20 INFO  DriverFactory:59 - Selected Browser: chrome
2018-11-14 16:12:20 INFO  DriverFactory:60 - Connecting to Selenium Grid: false
2018-11-14 16:12:20 INFO  DriverFactory:61 -  
2018-11-14 16:12:22 INFO  DriverFactory:56 -  
2018-11-14 16:12:22 INFO  DriverFactory:57 - Local Operating System: MAC OS X
2018-11-14 16:12:22 INFO  DriverFactory:58 - Local Architecture: x86_64
2018-11-14 16:12:22 INFO  DriverFactory:59 - Selected Browser: chrome
2018-11-14 16:12:22 INFO  DriverFactory:60 - Connecting to Selenium Grid: false
2018-11-14 16:12:22 INFO  DriverFactory:61 -  
2018-11-14 16:12:24 INFO  DriverFactory:56 -  
2018-11-14 16:12:24 INFO  DriverFactory:57 - Local Operating System: MAC OS X
2018-11-14 16:12:24 INFO  DriverFactory:58 - Local Architecture: x86_64
2018-11-14 16:12:24 INFO  DriverFactory:59 - Selected Browser: chrome
2018-11-14 16:12:24 INFO  DriverFactory:60 - Connecting to Selenium Grid: false
2018-11-14 16:12:24 INFO  DriverFactory:61 -  
2018-11-14 16:12:26 INFO  DriverFactory:56 -  
2018-11-14 16:12:26 INFO  DriverFactory:57 - Local Operating System: MAC OS X
2018-11-14 16:12:26 INFO  DriverFactory:58 - Local Architecture: x86_64
2018-11-14 16:12:26 INFO  DriverFactory:59 - Selected Browser: chrome
2018-11-14 16:12:26 INFO  DriverFactory:60 - Connecting to Selenium Grid: false
2018-11-14 16:12:26 INFO  DriverFactory:61 -  
2018-11-14 16:12:53 INFO  DriverFactory:56 -  
2018-11-14 16:12:53 INFO  DriverFactory:57 - Local Operating System: MAC OS X
2018-11-14 16:12:53 INFO  DriverFactory:58 - Local Architecture: x86_64
2018-11-14 16:12:53 INFO  DriverFactory:59 - Selected Browser: chrome
2018-11-14 16:12:53 INFO  DriverFactory:60 - Connecting to Selenium Grid: false
2018-11-14 16:12:53 INFO  DriverFactory:61 -  
2018-11-14 16:12:55 INFO  DriverFactory:56 -  
2018-11-14 16:12:55 INFO  DriverFactory:57 - Local Operating System: MAC OS X
2018-11-14 16:12:55 INFO  DriverFactory:58 - Local Architecture: x86_64
2018-11-14 16:12:55 INFO  DriverFactory:59 - Selected Browser: chrome
2018-11-14 16:12:55 INFO  DriverFactory:60 - Connecting to Selenium Grid: false
2018-11-14 16:12:55 INFO  DriverFactory:61 -  
2018-11-14 16:12:57 INFO  DriverFactory:56 -  
2018-11-14 16:12:57 INFO  DriverFactory:57 - Local Operating System: MAC OS X
2018-11-14 16:12:57 INFO  DriverFactory:58 - Local Architecture: x86_64
2018-11-14 16:12:57 INFO  DriverFactory:59 - Selected Browser: chrome
2018-11-14 16:12:57 INFO  DriverFactory:60 - Connecting to Selenium Grid: false
2018-11-14 16:12:57 INFO  DriverFactory:61 -  
2018-11-14 16:12:59 INFO  DriverFactory:56 -  
2018-11-14 16:12:59 INFO  DriverFactory:57 - Local Operating System: MAC OS X
2018-11-14 16:12:59 INFO  DriverFactory:58 - Local Architecture: x86_64
2018-11-14 16:12:59 INFO  DriverFactory:59 - Selected Browser: chrome
2018-11-14 16:12:59 INFO  DriverFactory:60 - Connecting to Selenium Grid: false
2018-11-14 16:12:59 INFO  DriverFactory:61 -  
2018-11-14 16:14:04 INFO  DriverFactory:56 -  
2018-11-14 16:14:04 INFO  DriverFactory:57 - Local Operating System: MAC OS X
2018-11-14 16:14:04 INFO  DriverFactory:58 - Local Architecture: x86_64
2018-11-14 16:14:04 INFO  DriverFactory:59 - Selected Browser: chrome
2018-11-14 16:14:04 INFO  DriverFactory:60 - Connecting to Selenium Grid: false
2018-11-14 16:14:04 INFO  DriverFactory:61 -  
2018-11-14 16:14:04 INFO  DriverFactory:56 -  
2018-11-14 16:14:04 INFO  DriverFactory:56 -  
2018-11-14 16:14:04 INFO  DriverFactory:57 - Local Operating System: MAC OS X
2018-11-14 16:14:04 INFO  DriverFactory:57 - Local Operating System: MAC OS X
2018-11-14 16:14:04 INFO  DriverFactory:58 - Local Architecture: x86_64
2018-11-14 16:14:04 INFO  DriverFactory:58 - Local Architecture: x86_64
2018-11-14 16:14:04 INFO  DriverFactory:59 - Selected Browser: chrome
2018-11-14 16:14:04 INFO  DriverFactory:59 - Selected Browser: chrome
2018-11-14 16:14:04 INFO  DriverFactory:60 - Connecting to Selenium Grid: false
2018-11-14 16:14:04 INFO  DriverFactory:60 - Connecting to Selenium Grid: false
2018-11-14 16:14:04 INFO  DriverFactory:61 -  
2018-11-14 16:14:04 INFO  DriverFactory:61 -  
2018-11-14 16:14:08 INFO  DriverFactory:56 -  
2018-11-14 16:14:08 INFO  DriverFactory:57 - Local Operating System: MAC OS X
2018-11-14 16:14:08 INFO  DriverFactory:58 - Local Architecture: x86_64
2018-11-14 16:14:08 INFO  DriverFactory:59 - Selected Browser: chrome
2018-11-14 16:14:08 INFO  DriverFactory:60 - Connecting to Selenium Grid: false
2018-11-14 16:14:08 INFO  DriverFactory:61 -  
2018-11-14 16:14:08 INFO  DriverFactory:56 -  
2018-11-14 16:14:08 INFO  DriverFactory:57 - Local Operating System: MAC OS X
2018-11-14 16:14:08 INFO  DriverFactory:58 - Local Architecture: x86_64
2018-11-14 16:14:08 INFO  DriverFactory:59 - Selected Browser: chrome
2018-11-14 16:14:08 INFO  DriverFactory:60 - Connecting to Selenium Grid: false
2018-11-14 16:14:08 INFO  DriverFactory:61 -  
2018-11-14 16:14:09 INFO  DriverFactory:56 -  
2018-11-14 16:14:09 INFO  DriverFactory:57 - Local Operating System: MAC OS X
2018-11-14 16:14:09 INFO  DriverFactory:58 - Local Architecture: x86_64
2018-11-14 16:14:09 INFO  DriverFactory:59 - Selected Browser: chrome
2018-11-14 16:14:09 INFO  DriverFactory:60 - Connecting to Selenium Grid: false
2018-11-14 16:14:09 INFO  DriverFactory:61 -  
2018-11-14 16:14:10 INFO  DriverFactory:56 -  
2018-11-14 16:14:10 INFO  DriverFactory:57 - Local Operating System: MAC OS X
2018-11-14 16:14:10 INFO  DriverFactory:58 - Local Architecture: x86_64
2018-11-14 16:14:10 INFO  DriverFactory:59 - Selected Browser: chrome
2018-11-14 16:14:10 INFO  DriverFactory:60 - Connecting to Selenium Grid: false
2018-11-14 16:14:10 INFO  DriverFactory:61 -  
2018-11-14 16:14:11 INFO  DriverFactory:56 -  
2018-11-14 16:14:11 INFO  DriverFactory:57 - Local Operating System: MAC OS X
2018-11-14 16:14:11 INFO  DriverFactory:58 - Local Architecture: x86_64
2018-11-14 16:14:11 INFO  DriverFactory:59 - Selected Browser: chrome
2018-11-14 16:14:11 INFO  DriverFactory:60 - Connecting to Selenium Grid: false
2018-11-14 16:14:11 INFO  DriverFactory:61 -  
2018-11-14 16:14:12 INFO  DriverFactory:56 -  
2018-11-14 16:14:12 INFO  DriverFactory:57 - Local Operating System: MAC OS X
2018-11-14 16:14:12 INFO  DriverFactory:58 - Local Architecture: x86_64
2018-11-14 16:14:12 INFO  DriverFactory:59 - Selected Browser: chrome
2018-11-14 16:14:12 INFO  DriverFactory:60 - Connecting to Selenium Grid: false
2018-11-14 16:14:12 INFO  DriverFactory:61 -  
2018-11-14 16:14:13 INFO  DriverFactory:56 -  
2018-11-14 16:14:13 INFO  DriverFactory:57 - Local Operating System: MAC OS X
2018-11-14 16:14:13 INFO  DriverFactory:58 - Local Architecture: x86_64
2018-11-14 16:14:13 INFO  DriverFactory:59 - Selected Browser: chrome
2018-11-14 16:14:13 INFO  DriverFactory:60 - Connecting to Selenium Grid: false
2018-11-14 16:14:13 INFO  DriverFactory:61 -  
2018-11-14 16:17:01 INFO  DriverFactory:56 -  
2018-11-14 16:17:02 INFO  DriverFactory:57 - Local Operating System: MAC OS X
2018-11-14 16:17:02 INFO  DriverFactory:58 - Local Architecture: x86_64
2018-11-14 16:17:02 INFO  DriverFactory:59 - Selected Browser: chrome
2018-11-14 16:17:02 INFO  DriverFactory:60 - Connecting to Selenium Grid: false
2018-11-14 16:17:02 INFO  DriverFactory:61 -  
2018-11-14 16:17:04 INFO  DriverFactory:56 -  
2018-11-14 16:17:04 INFO  DriverFactory:57 - Local Operating System: MAC OS X
2018-11-14 16:17:04 INFO  DriverFactory:58 - Local Architecture: x86_64
2018-11-14 16:17:04 INFO  DriverFactory:59 - Selected Browser: chrome
2018-11-14 16:17:04 INFO  DriverFactory:60 - Connecting to Selenium Grid: false
2018-11-14 16:17:04 INFO  DriverFactory:61 -  
2018-11-14 16:17:05 INFO  DriverFactory:56 -  
2018-11-14 16:17:05 INFO  DriverFactory:57 - Local Operating System: MAC OS X
2018-11-14 16:17:05 INFO  DriverFactory:58 - Local Architecture: x86_64
2018-11-14 16:17:05 INFO  DriverFactory:59 - Selected Browser: chrome
2018-11-14 16:17:05 INFO  DriverFactory:60 - Connecting to Selenium Grid: false
2018-11-14 16:17:05 INFO  DriverFactory:61 -  
2018-11-14 16:17:08 INFO  DriverFactory:56 -  
2018-11-14 16:17:08 INFO  DriverFactory:57 - Local Operating System: MAC OS X
2018-11-14 16:17:08 INFO  DriverFactory:58 - Local Architecture: x86_64
2018-11-14 16:17:08 INFO  DriverFactory:59 - Selected Browser: chrome
2018-11-14 16:17:08 INFO  DriverFactory:60 - Connecting to Selenium Grid: false
2018-11-14 16:17:08 INFO  DriverFactory:61 -  
2018-11-14 16:19:06 INFO  DriverFactory:56 -  
2018-11-14 16:19:06 INFO  DriverFactory:57 - Local Operating System: MAC OS X
2018-11-14 16:19:06 INFO  DriverFactory:58 - Local Architecture: x86_64
2018-11-14 16:19:06 INFO  DriverFactory:59 - Selected Browser: chrome
2018-11-14 16:19:06 INFO  DriverFactory:60 - Connecting to Selenium Grid: false
2018-11-14 16:19:06 INFO  DriverFactory:61 -  
2018-11-14 16:19:10 INFO  DriverFactory:56 -  
2018-11-14 16:19:10 INFO  DriverFactory:57 - Local Operating System: MAC OS X
2018-11-14 16:19:10 INFO  DriverFactory:58 - Local Architecture: x86_64
2018-11-14 16:19:10 INFO  DriverFactory:59 - Selected Browser: chrome
2018-11-14 16:19:10 INFO  DriverFactory:60 - Connecting to Selenium Grid: false
2018-11-14 16:19:10 INFO  DriverFactory:61 -  
2018-11-14 16:19:12 INFO  DriverFactory:56 -  
2018-11-14 16:19:12 INFO  DriverFactory:57 - Local Operating System: MAC OS X
2018-11-14 16:19:12 INFO  DriverFactory:58 - Local Architecture: x86_64
2018-11-14 16:19:12 INFO  DriverFactory:59 - Selected Browser: chrome
2018-11-14 16:19:12 INFO  DriverFactory:60 - Connecting to Selenium Grid: false
2018-11-14 16:19:12 INFO  DriverFactory:61 -  
2018-11-14 16:19:15 INFO  DriverFactory:56 -  
2018-11-14 16:19:15 INFO  DriverFactory:57 - Local Operating System: MAC OS X
2018-11-14 16:19:15 INFO  DriverFactory:58 - Local Architecture: x86_64
2018-11-14 16:19:15 INFO  DriverFactory:59 - Selected Browser: chrome
2018-11-14 16:19:15 INFO  DriverFactory:60 - Connecting to Selenium Grid: false
2018-11-14 16:19:15 INFO  DriverFactory:61 -  
2018-11-14 16:20:34 INFO  DriverFactory:56 -  
2018-11-14 16:20:34 INFO  DriverFactory:57 - Local Operating System: MAC OS X
2018-11-14 16:20:34 INFO  DriverFactory:58 - Local Architecture: x86_64
2018-11-14 16:20:34 INFO  DriverFactory:59 - Selected Browser: chrome
2018-11-14 16:20:34 INFO  DriverFactory:60 - Connecting to Selenium Grid: false
2018-11-14 16:20:34 INFO  DriverFactory:61 -  
2018-11-14 16:20:37 INFO  DriverFactory:56 -  
2018-11-14 16:20:37 INFO  DriverFactory:57 - Local Operating System: MAC OS X
2018-11-14 16:20:37 INFO  DriverFactory:58 - Local Architecture: x86_64
2018-11-14 16:20:37 INFO  DriverFactory:59 - Selected Browser: chrome
2018-11-14 16:20:37 INFO  DriverFactory:60 - Connecting to Selenium Grid: false
2018-11-14 16:20:37 INFO  DriverFactory:61 -  
2018-11-14 16:20:38 INFO  DriverFactory:56 -  
2018-11-14 16:20:38 INFO  DriverFactory:57 - Local Operating System: MAC OS X
2018-11-14 16:20:38 INFO  DriverFactory:58 - Local Architecture: x86_64
2018-11-14 16:20:38 INFO  DriverFactory:59 - Selected Browser: chrome
2018-11-14 16:20:38 INFO  DriverFactory:60 - Connecting to Selenium Grid: false
2018-11-14 16:20:38 INFO  DriverFactory:61 -  
2018-11-14 16:20:41 INFO  DriverFactory:56 -  
2018-11-14 16:20:41 INFO  DriverFactory:57 - Local Operating System: MAC OS X
2018-11-14 16:20:41 INFO  DriverFactory:58 - Local Architecture: x86_64
2018-11-14 16:20:41 INFO  DriverFactory:59 - Selected Browser: chrome
2018-11-14 16:20:41 INFO  DriverFactory:60 - Connecting to Selenium Grid: false
2018-11-14 16:20:41 INFO  DriverFactory:61 -  
2018-11-14 16:21:10 INFO  DriverFactory:56 -  
2018-11-14 16:21:10 INFO  DriverFactory:57 - Local Operating System: MAC OS X
2018-11-14 16:21:10 INFO  DriverFactory:58 - Local Architecture: x86_64
2018-11-14 16:21:10 INFO  DriverFactory:59 - Selected Browser: chrome
2018-11-14 16:21:10 INFO  DriverFactory:60 - Connecting to Selenium Grid: false
2018-11-14 16:21:10 INFO  DriverFactory:61 -  
2018-11-14 16:21:12 INFO  DriverFactory:56 -  
2018-11-14 16:21:12 INFO  DriverFactory:57 - Local Operating System: MAC OS X
2018-11-14 16:21:12 INFO  DriverFactory:58 - Local Architecture: x86_64
2018-11-14 16:21:12 INFO  DriverFactory:59 - Selected Browser: chrome
2018-11-14 16:21:12 INFO  DriverFactory:60 - Connecting to Selenium Grid: false
2018-11-14 16:21:12 INFO  DriverFactory:61 -  
2018-11-14 16:21:14 INFO  DriverFactory:56 -  
2018-11-14 16:21:14 INFO  DriverFactory:57 - Local Operating System: MAC OS X
2018-11-14 16:21:14 INFO  DriverFactory:58 - Local Architecture: x86_64
2018-11-14 16:21:14 INFO  DriverFactory:59 - Selected Browser: chrome
2018-11-14 16:21:14 INFO  DriverFactory:60 - Connecting to Selenium Grid: false
2018-11-14 16:21:14 INFO  DriverFactory:61 -  
2018-11-14 16:21:16 INFO  DriverFactory:56 -  
2018-11-14 16:21:16 INFO  DriverFactory:57 - Local Operating System: MAC OS X
2018-11-14 16:21:16 INFO  DriverFactory:58 - Local Architecture: x86_64
2018-11-14 16:21:16 INFO  DriverFactory:59 - Selected Browser: chrome
2018-11-14 16:21:16 INFO  DriverFactory:60 - Connecting to Selenium Grid: false
2018-11-14 16:21:16 INFO  DriverFactory:61 -  
2018-11-14 16:21:22 INFO  DriverFactory:56 -  
2018-11-14 16:21:22 INFO  DriverFactory:57 - Local Operating System: MAC OS X
2018-11-14 16:21:22 INFO  DriverFactory:58 - Local Architecture: x86_64
2018-11-14 16:21:22 INFO  DriverFactory:56 -  
2018-11-14 16:21:22 INFO  DriverFactory:57 - Local Operating System: MAC OS X
2018-11-14 16:21:22 INFO  DriverFactory:56 -  
2018-11-14 16:21:22 INFO  DriverFactory:57 - Local Operating System: MAC OS X
2018-11-14 16:21:22 INFO  DriverFactory:58 - Local Architecture: x86_64
2018-11-14 16:21:22 INFO  DriverFactory:58 - Local Architecture: x86_64
2018-11-14 16:21:22 INFO  DriverFactory:59 - Selected Browser: chrome
2018-11-14 16:21:22 INFO  DriverFactory:59 - Selected Browser: chrome
2018-11-14 16:21:22 INFO  DriverFactory:59 - Selected Browser: chrome
2018-11-14 16:21:22 INFO  DriverFactory:60 - Connecting to Selenium Grid: false
2018-11-14 16:21:22 INFO  DriverFactory:60 - Connecting to Selenium Grid: false
2018-11-14 16:21:22 INFO  DriverFactory:61 -  
2018-11-14 16:21:22 INFO  DriverFactory:60 - Connecting to Selenium Grid: false
2018-11-14 16:21:22 INFO  DriverFactory:61 -  
2018-11-14 16:21:22 INFO  DriverFactory:61 -  
2018-11-14 16:21:25 INFO  DriverFactory:56 -  
2018-11-14 16:21:25 INFO  DriverFactory:57 - Local Operating System: MAC OS X
2018-11-14 16:21:25 INFO  DriverFactory:58 - Local Architecture: x86_64
2018-11-14 16:21:25 INFO  DriverFactory:59 - Selected Browser: chrome
2018-11-14 16:21:25 INFO  DriverFactory:60 - Connecting to Selenium Grid: false
2018-11-14 16:21:25 INFO  DriverFactory:61 -  
2018-11-14 16:21:25 INFO  DriverFactory:56 -  
2018-11-14 16:21:25 INFO  DriverFactory:57 - Local Operating System: MAC OS X
2018-11-14 16:21:25 INFO  DriverFactory:58 - Local Architecture: x86_64
2018-11-14 16:21:25 INFO  DriverFactory:59 - Selected Browser: chrome
2018-11-14 16:21:25 INFO  DriverFactory:60 - Connecting to Selenium Grid: false
2018-11-14 16:21:25 INFO  DriverFactory:61 -  
2018-11-14 16:21:26 INFO  DriverFactory:56 -  
2018-11-14 16:21:26 INFO  DriverFactory:57 - Local Operating System: MAC OS X
2018-11-14 16:21:26 INFO  DriverFactory:58 - Local Architecture: x86_64
2018-11-14 16:21:26 INFO  DriverFactory:59 - Selected Browser: chrome
2018-11-14 16:21:26 INFO  DriverFactory:60 - Connecting to Selenium Grid: false
2018-11-14 16:21:26 INFO  DriverFactory:61 -  
2018-11-14 16:21:27 INFO  DriverFactory:56 -  
2018-11-14 16:21:27 INFO  DriverFactory:57 - Local Operating System: MAC OS X
2018-11-14 16:21:27 INFO  DriverFactory:58 - Local Architecture: x86_64
2018-11-14 16:21:27 INFO  DriverFactory:59 - Selected Browser: chrome
2018-11-14 16:21:27 INFO  DriverFactory:60 - Connecting to Selenium Grid: false
2018-11-14 16:21:27 INFO  DriverFactory:61 -  
2018-11-14 16:21:28 INFO  DriverFactory:56 -  
2018-11-14 16:21:28 INFO  DriverFactory:57 - Local Operating System: MAC OS X
2018-11-14 16:21:28 INFO  DriverFactory:58 - Local Architecture: x86_64
2018-11-14 16:21:28 INFO  DriverFactory:59 - Selected Browser: chrome
2018-11-14 16:21:28 INFO  DriverFactory:60 - Connecting to Selenium Grid: false
2018-11-14 16:21:28 INFO  DriverFactory:61 -  
2018-11-14 16:21:30 INFO  DriverFactory:56 -  
2018-11-14 16:21:30 INFO  DriverFactory:57 - Local Operating System: MAC OS X
2018-11-14 16:21:30 INFO  DriverFactory:58 - Local Architecture: x86_64
2018-11-14 16:21:30 INFO  DriverFactory:59 - Selected Browser: chrome
2018-11-14 16:21:30 INFO  DriverFactory:60 - Connecting to Selenium Grid: false
2018-11-14 16:21:30 INFO  DriverFactory:61 -  
2018-11-14 16:21:31 INFO  DriverFactory:56 -  
2018-11-14 16:21:31 INFO  DriverFactory:57 - Local Operating System: MAC OS X
2018-11-14 16:21:31 INFO  DriverFactory:58 - Local Architecture: x86_64
2018-11-14 16:21:31 INFO  DriverFactory:59 - Selected Browser: chrome
2018-11-14 16:21:31 INFO  DriverFactory:60 - Connecting to Selenium Grid: false
2018-11-14 16:21:31 INFO  DriverFactory:61 -  
2018-11-14 16:21:55 INFO  DriverFactory:56 -  
2018-11-14 16:21:55 INFO  DriverFactory:57 - Local Operating System: MAC OS X
2018-11-14 16:21:55 INFO  DriverFactory:58 - Local Architecture: x86_64
2018-11-14 16:21:55 INFO  DriverFactory:59 - Selected Browser: chrome
2018-11-14 16:21:55 INFO  DriverFactory:60 - Connecting to Selenium Grid: false
2018-11-14 16:21:55 INFO  DriverFactory:61 -  
2018-11-14 16:21:57 INFO  DriverFactory:56 -  
2018-11-14 16:21:57 INFO  DriverFactory:57 - Local Operating System: MAC OS X
2018-11-14 16:21:57 INFO  DriverFactory:58 - Local Architecture: x86_64
2018-11-14 16:21:57 INFO  DriverFactory:59 - Selected Browser: chrome
2018-11-14 16:21:57 INFO  DriverFactory:60 - Connecting to Selenium Grid: false
2018-11-14 16:21:57 INFO  DriverFactory:61 -  
2018-11-14 16:21:59 INFO  DriverFactory:56 -  
2018-11-14 16:21:59 INFO  DriverFactory:57 - Local Operating System: MAC OS X
2018-11-14 16:21:59 INFO  DriverFactory:58 - Local Architecture: x86_64
2018-11-14 16:21:59 INFO  DriverFactory:59 - Selected Browser: chrome
2018-11-14 16:21:59 INFO  DriverFactory:60 - Connecting to Selenium Grid: false
2018-11-14 16:21:59 INFO  DriverFactory:61 -  
2018-11-14 16:22:02 INFO  DriverFactory:56 -  
2018-11-14 16:22:02 INFO  DriverFactory:57 - Local Operating System: MAC OS X
2018-11-14 16:22:02 INFO  DriverFactory:58 - Local Architecture: x86_64
2018-11-14 16:22:02 INFO  DriverFactory:59 - Selected Browser: chrome
2018-11-14 16:22:02 INFO  DriverFactory:60 - Connecting to Selenium Grid: false
2018-11-14 16:22:02 INFO  DriverFactory:61 -  
2018-11-14 17:27:09 INFO  DriverFactory:56 -  
2018-11-14 17:27:09 INFO  DriverFactory:57 - Local Operating System: MAC OS X
2018-11-14 17:27:09 INFO  DriverFactory:58 - Local Architecture: x86_64
2018-11-14 17:27:09 INFO  DriverFactory:59 - Selected Browser: chrome
2018-11-14 17:27:09 INFO  DriverFactory:60 - Connecting to Selenium Grid: false
2018-11-14 17:27:09 INFO  DriverFactory:61 -  
2018-11-14 17:27:11 INFO  DriverFactory:56 -  
2018-11-14 17:27:11 INFO  DriverFactory:57 - Local Operating System: MAC OS X
2018-11-14 17:27:11 INFO  DriverFactory:58 - Local Architecture: x86_64
2018-11-14 17:27:11 INFO  DriverFactory:59 - Selected Browser: chrome
2018-11-14 17:27:11 INFO  DriverFactory:60 - Connecting to Selenium Grid: false
2018-11-14 17:27:11 INFO  DriverFactory:61 -  
2018-11-14 17:27:13 INFO  DriverFactory:56 -  
2018-11-14 17:27:13 INFO  DriverFactory:57 - Local Operating System: MAC OS X
2018-11-14 17:27:13 INFO  DriverFactory:58 - Local Architecture: x86_64
2018-11-14 17:27:13 INFO  DriverFactory:59 - Selected Browser: chrome
2018-11-14 17:27:13 INFO  DriverFactory:60 - Connecting to Selenium Grid: false
2018-11-14 17:27:13 INFO  DriverFactory:61 -  
2018-11-14 17:27:16 INFO  DriverFactory:56 -  
2018-11-14 17:27:16 INFO  DriverFactory:57 - Local Operating System: MAC OS X
2018-11-14 17:27:16 INFO  DriverFactory:58 - Local Architecture: x86_64
2018-11-14 17:27:16 INFO  DriverFactory:59 - Selected Browser: chrome
2018-11-14 17:27:16 INFO  DriverFactory:60 - Connecting to Selenium Grid: false
2018-11-14 17:27:16 INFO  DriverFactory:61 -  
2018-11-14 17:28:12 INFO  DriverFactory:56 -  
2018-11-14 17:28:12 INFO  DriverFactory:56 -  
2018-11-14 17:28:12 INFO  DriverFactory:56 -  
2018-11-14 17:28:12 INFO  DriverFactory:57 - Local Operating System: MAC OS X
2018-11-14 17:28:12 INFO  DriverFactory:57 - Local Operating System: MAC OS X
2018-11-14 17:28:12 INFO  DriverFactory:58 - Local Architecture: x86_64
2018-11-14 17:28:12 INFO  DriverFactory:57 - Local Operating System: MAC OS X
2018-11-14 17:28:12 INFO  DriverFactory:59 - Selected Browser: chrome
2018-11-14 17:28:12 INFO  DriverFactory:58 - Local Architecture: x86_64
2018-11-14 17:28:12 INFO  DriverFactory:60 - Connecting to Selenium Grid: false
2018-11-14 17:28:12 INFO  DriverFactory:58 - Local Architecture: x86_64
2018-11-14 17:28:12 INFO  DriverFactory:61 -  
2018-11-14 17:28:12 INFO  DriverFactory:59 - Selected Browser: chrome
2018-11-14 17:28:12 INFO  DriverFactory:59 - Selected Browser: chrome
2018-11-14 17:28:12 INFO  DriverFactory:60 - Connecting to Selenium Grid: false
2018-11-14 17:28:12 INFO  DriverFactory:61 -  
2018-11-14 17:28:12 INFO  DriverFactory:60 - Connecting to Selenium Grid: false
2018-11-14 17:28:12 INFO  DriverFactory:61 -  
2018-11-14 17:28:15 INFO  DriverFactory:56 -  
2018-11-14 17:28:15 INFO  DriverFactory:57 - Local Operating System: MAC OS X
2018-11-14 17:28:15 INFO  DriverFactory:58 - Local Architecture: x86_64
2018-11-14 17:28:15 INFO  DriverFactory:59 - Selected Browser: chrome
2018-11-14 17:28:15 INFO  DriverFactory:60 - Connecting to Selenium Grid: false
2018-11-14 17:28:15 INFO  DriverFactory:61 -  
2018-11-14 17:28:15 INFO  DriverFactory:56 -  
2018-11-14 17:28:15 INFO  DriverFactory:57 - Local Operating System: MAC OS X
2018-11-14 17:28:15 INFO  DriverFactory:58 - Local Architecture: x86_64
2018-11-14 17:28:15 INFO  DriverFactory:59 - Selected Browser: chrome
2018-11-14 17:28:15 INFO  DriverFactory:60 - Connecting to Selenium Grid: false
2018-11-14 17:28:15 INFO  DriverFactory:61 -  
2018-11-14 17:28:15 INFO  DriverFactory:56 -  
2018-11-14 17:28:15 INFO  DriverFactory:57 - Local Operating System: MAC OS X
2018-11-14 17:28:15 INFO  DriverFactory:58 - Local Architecture: x86_64
2018-11-14 17:28:15 INFO  DriverFactory:59 - Selected Browser: chrome
2018-11-14 17:28:15 INFO  DriverFactory:60 - Connecting to Selenium Grid: false
2018-11-14 17:28:15 INFO  DriverFactory:61 -  
2018-11-14 17:28:16 INFO  DriverFactory:56 -  
2018-11-14 17:28:16 INFO  DriverFactory:57 - Local Operating System: MAC OS X
2018-11-14 17:28:16 INFO  DriverFactory:58 - Local Architecture: x86_64
2018-11-14 17:28:16 INFO  DriverFactory:59 - Selected Browser: chrome
2018-11-14 17:28:16 INFO  DriverFactory:60 - Connecting to Selenium Grid: false
2018-11-14 17:28:16 INFO  DriverFactory:61 -  
2018-11-14 17:28:17 INFO  DriverFactory:56 -  
2018-11-14 17:28:17 INFO  DriverFactory:57 - Local Operating System: MAC OS X
2018-11-14 17:28:17 INFO  DriverFactory:58 - Local Architecture: x86_64
2018-11-14 17:28:17 INFO  DriverFactory:59 - Selected Browser: chrome
2018-11-14 17:28:17 INFO  DriverFactory:60 - Connecting to Selenium Grid: false
2018-11-14 17:28:17 INFO  DriverFactory:61 -  
2018-11-14 17:28:18 INFO  DriverFactory:56 -  
2018-11-14 17:28:18 INFO  DriverFactory:57 - Local Operating System: MAC OS X
2018-11-14 17:28:18 INFO  DriverFactory:58 - Local Architecture: x86_64
2018-11-14 17:28:18 INFO  DriverFactory:59 - Selected Browser: chrome
2018-11-14 17:28:18 INFO  DriverFactory:60 - Connecting to Selenium Grid: false
2018-11-14 17:28:18 INFO  DriverFactory:61 -  
2018-11-14 17:28:20 INFO  DriverFactory:56 -  
2018-11-14 17:28:20 INFO  DriverFactory:57 - Local Operating System: MAC OS X
2018-11-14 17:28:20 INFO  DriverFactory:58 - Local Architecture: x86_64
2018-11-14 17:28:20 INFO  DriverFactory:59 - Selected Browser: chrome
2018-11-14 17:28:20 INFO  DriverFactory:60 - Connecting to Selenium Grid: false
2018-11-14 17:28:20 INFO  DriverFactory:61 -  
2018-11-14 17:29:43 INFO  DriverFactory:56 -  
2018-11-14 17:29:43 INFO  DriverFactory:56 -  
2018-11-14 17:29:43 INFO  DriverFactory:57 - Local Operating System: MAC OS X
2018-11-14 17:29:43 INFO  DriverFactory:56 -  
2018-11-14 17:29:43 INFO  DriverFactory:58 - Local Architecture: x86_64
2018-11-14 17:29:43 INFO  DriverFactory:57 - Local Operating System: MAC OS X
2018-11-14 17:29:43 INFO  DriverFactory:59 - Selected Browser: chrome
2018-11-14 17:29:43 INFO  DriverFactory:60 - Connecting to Selenium Grid: false
2018-11-14 17:29:43 INFO  DriverFactory:61 -  
2018-11-14 17:29:43 INFO  DriverFactory:57 - Local Operating System: MAC OS X
2018-11-14 17:29:43 INFO  DriverFactory:58 - Local Architecture: x86_64
2018-11-14 17:29:43 INFO  DriverFactory:58 - Local Architecture: x86_64
2018-11-14 17:29:43 INFO  DriverFactory:59 - Selected Browser: chrome
2018-11-14 17:29:43 INFO  DriverFactory:59 - Selected Browser: chrome
2018-11-14 17:29:43 INFO  DriverFactory:60 - Connecting to Selenium Grid: false
2018-11-14 17:29:43 INFO  DriverFactory:61 -  
2018-11-14 17:29:43 INFO  DriverFactory:60 - Connecting to Selenium Grid: false
2018-11-14 17:29:43 INFO  DriverFactory:61 -  
2018-11-14 17:29:46 INFO  DriverFactory:56 -  
2018-11-14 17:29:46 INFO  DriverFactory:57 - Local Operating System: MAC OS X
2018-11-14 17:29:46 INFO  DriverFactory:58 - Local Architecture: x86_64
2018-11-14 17:29:46 INFO  DriverFactory:59 - Selected Browser: chrome
2018-11-14 17:29:46 INFO  DriverFactory:60 - Connecting to Selenium Grid: false
2018-11-14 17:29:46 INFO  DriverFactory:61 -  
2018-11-14 17:29:46 INFO  DriverFactory:56 -  
2018-11-14 17:29:46 INFO  DriverFactory:57 - Local Operating System: MAC OS X
2018-11-14 17:29:46 INFO  DriverFactory:58 - Local Architecture: x86_64
2018-11-14 17:29:46 INFO  DriverFactory:59 - Selected Browser: chrome
2018-11-14 17:29:46 INFO  DriverFactory:60 - Connecting to Selenium Grid: false
2018-11-14 17:29:46 INFO  DriverFactory:61 -  
2018-11-14 17:29:47 INFO  DriverFactory:56 -  
2018-11-14 17:29:47 INFO  DriverFactory:57 - Local Operating System: MAC OS X
2018-11-14 17:29:47 INFO  DriverFactory:58 - Local Architecture: x86_64
2018-11-14 17:29:47 INFO  DriverFactory:59 - Selected Browser: chrome
2018-11-14 17:29:47 INFO  DriverFactory:60 - Connecting to Selenium Grid: false
2018-11-14 17:29:47 INFO  DriverFactory:61 -  
2018-11-14 17:29:47 INFO  DriverFactory:56 -  
2018-11-14 17:29:47 INFO  DriverFactory:57 - Local Operating System: MAC OS X
2018-11-14 17:29:47 INFO  DriverFactory:58 - Local Architecture: x86_64
2018-11-14 17:29:47 INFO  DriverFactory:59 - Selected Browser: chrome
2018-11-14 17:29:47 INFO  DriverFactory:60 - Connecting to Selenium Grid: false
2018-11-14 17:29:47 INFO  DriverFactory:61 -  
2018-11-14 17:29:48 INFO  DriverFactory:56 -  
2018-11-14 17:29:48 INFO  DriverFactory:57 - Local Operating System: MAC OS X
2018-11-14 17:29:48 INFO  DriverFactory:58 - Local Architecture: x86_64
2018-11-14 17:29:48 INFO  DriverFactory:59 - Selected Browser: chrome
2018-11-14 17:29:48 INFO  DriverFactory:60 - Connecting to Selenium Grid: false
2018-11-14 17:29:48 INFO  DriverFactory:61 -  
2018-11-14 17:29:50 INFO  DriverFactory:56 -  
2018-11-14 17:29:50 INFO  DriverFactory:57 - Local Operating System: MAC OS X
2018-11-14 17:29:50 INFO  DriverFactory:58 - Local Architecture: x86_64
2018-11-14 17:29:50 INFO  DriverFactory:59 - Selected Browser: chrome
2018-11-14 17:29:50 INFO  DriverFactory:60 - Connecting to Selenium Grid: false
2018-11-14 17:29:50 INFO  DriverFactory:61 -  
2018-11-14 17:29:50 INFO  DriverFactory:56 -  
2018-11-14 17:29:50 INFO  DriverFactory:57 - Local Operating System: MAC OS X
2018-11-14 17:29:50 INFO  DriverFactory:58 - Local Architecture: x86_64
2018-11-14 17:29:50 INFO  DriverFactory:59 - Selected Browser: chrome
2018-11-14 17:29:50 INFO  DriverFactory:60 - Connecting to Selenium Grid: false
2018-11-14 17:29:50 INFO  DriverFactory:61 -  
2018-11-14 17:30:08 INFO  DriverFactory:56 -  
2018-11-14 17:30:08 INFO  DriverFactory:57 - Local Operating System: MAC OS X
2018-11-14 17:30:08 INFO  DriverFactory:58 - Local Architecture: x86_64
2018-11-14 17:30:08 INFO  DriverFactory:59 - Selected Browser: chrome
2018-11-14 17:30:08 INFO  DriverFactory:60 - Connecting to Selenium Grid: false
2018-11-14 17:30:08 INFO  DriverFactory:61 -  
2018-11-14 17:35:15 INFO  DriverFactory:56 -  
2018-11-14 17:35:15 INFO  DriverFactory:56 -  
2018-11-14 17:35:15 INFO  DriverFactory:56 -  
2018-11-14 17:35:15 INFO  DriverFactory:57 - Local Operating System: MAC OS X
2018-11-14 17:35:15 INFO  DriverFactory:57 - Local Operating System: MAC OS X
2018-11-14 17:35:15 INFO  DriverFactory:58 - Local Architecture: x86_64
2018-11-14 17:35:15 INFO  DriverFactory:57 - Local Operating System: MAC OS X
2018-11-14 17:35:15 INFO  DriverFactory:59 - Selected Browser: chrome
2018-11-14 17:35:15 INFO  DriverFactory:58 - Local Architecture: x86_64
2018-11-14 17:35:15 INFO  DriverFactory:60 - Connecting to Selenium Grid: false
2018-11-14 17:35:15 INFO  DriverFactory:58 - Local Architecture: x86_64
2018-11-14 17:35:15 INFO  DriverFactory:61 -  
2018-11-14 17:35:15 INFO  DriverFactory:59 - Selected Browser: chrome
2018-11-14 17:35:15 INFO  DriverFactory:59 - Selected Browser: chrome
2018-11-14 17:35:15 INFO  DriverFactory:60 - Connecting to Selenium Grid: false
2018-11-14 17:35:15 INFO  DriverFactory:60 - Connecting to Selenium Grid: false
2018-11-14 17:35:15 INFO  DriverFactory:61 -  
2018-11-14 17:35:15 INFO  DriverFactory:61 -  
2018-11-14 17:35:18 INFO  DriverFactory:56 -  
2018-11-14 17:35:18 INFO  DriverFactory:57 - Local Operating System: MAC OS X
2018-11-14 17:35:18 INFO  DriverFactory:58 - Local Architecture: x86_64
2018-11-14 17:35:18 INFO  DriverFactory:59 - Selected Browser: chrome
2018-11-14 17:35:18 INFO  DriverFactory:60 - Connecting to Selenium Grid: false
2018-11-14 17:35:18 INFO  DriverFactory:61 -  
2018-11-14 17:35:18 INFO  DriverFactory:56 -  
2018-11-14 17:35:18 INFO  DriverFactory:57 - Local Operating System: MAC OS X
2018-11-14 17:35:18 INFO  DriverFactory:58 - Local Architecture: x86_64
2018-11-14 17:35:18 INFO  DriverFactory:59 - Selected Browser: chrome
2018-11-14 17:35:18 INFO  DriverFactory:60 - Connecting to Selenium Grid: false
2018-11-14 17:35:18 INFO  DriverFactory:61 -  
2018-11-14 17:35:19 INFO  DriverFactory:56 -  
2018-11-14 17:35:19 INFO  DriverFactory:57 - Local Operating System: MAC OS X
2018-11-14 17:35:19 INFO  DriverFactory:58 - Local Architecture: x86_64
2018-11-14 17:35:19 INFO  DriverFactory:59 - Selected Browser: chrome
2018-11-14 17:35:19 INFO  DriverFactory:60 - Connecting to Selenium Grid: false
2018-11-14 17:35:19 INFO  DriverFactory:61 -  
2018-11-14 17:35:20 INFO  DriverFactory:56 -  
2018-11-14 17:35:20 INFO  DriverFactory:57 - Local Operating System: MAC OS X
2018-11-14 17:35:20 INFO  DriverFactory:58 - Local Architecture: x86_64
2018-11-14 17:35:20 INFO  DriverFactory:59 - Selected Browser: chrome
2018-11-14 17:35:20 INFO  DriverFactory:60 - Connecting to Selenium Grid: false
2018-11-14 17:35:20 INFO  DriverFactory:61 -  
2018-11-14 17:35:21 INFO  DriverFactory:56 -  
2018-11-14 17:35:21 INFO  DriverFactory:57 - Local Operating System: MAC OS X
2018-11-14 17:35:21 INFO  DriverFactory:58 - Local Architecture: x86_64
2018-11-14 17:35:21 INFO  DriverFactory:59 - Selected Browser: chrome
2018-11-14 17:35:21 INFO  DriverFactory:60 - Connecting to Selenium Grid: false
2018-11-14 17:35:21 INFO  DriverFactory:61 -  
2018-11-14 17:35:22 INFO  DriverFactory:56 -  
2018-11-14 17:35:22 INFO  DriverFactory:57 - Local Operating System: MAC OS X
2018-11-14 17:35:22 INFO  DriverFactory:58 - Local Architecture: x86_64
2018-11-14 17:35:22 INFO  DriverFactory:59 - Selected Browser: chrome
2018-11-14 17:35:22 INFO  DriverFactory:60 - Connecting to Selenium Grid: false
2018-11-14 17:35:22 INFO  DriverFactory:61 -  
2018-11-14 17:35:24 INFO  DriverFactory:56 -  
2018-11-14 17:35:24 INFO  DriverFactory:57 - Local Operating System: MAC OS X
2018-11-14 17:35:24 INFO  DriverFactory:58 - Local Architecture: x86_64
2018-11-14 17:35:24 INFO  DriverFactory:59 - Selected Browser: chrome
2018-11-14 17:35:24 INFO  DriverFactory:60 - Connecting to Selenium Grid: false
2018-11-14 17:35:24 INFO  DriverFactory:61 -  
2018-11-14 17:36:03 INFO  DriverFactory:56 -  
2018-11-14 17:36:03 INFO  DriverFactory:56 -  
2018-11-14 17:36:03 INFO  DriverFactory:56 -  
2018-11-14 17:36:03 INFO  DriverFactory:57 - Local Operating System: MAC OS X
2018-11-14 17:36:03 INFO  DriverFactory:57 - Local Operating System: MAC OS X
2018-11-14 17:36:03 INFO  DriverFactory:58 - Local Architecture: x86_64
2018-11-14 17:36:03 INFO  DriverFactory:57 - Local Operating System: MAC OS X
2018-11-14 17:36:03 INFO  DriverFactory:59 - Selected Browser: chrome
2018-11-14 17:36:03 INFO  DriverFactory:58 - Local Architecture: x86_64
2018-11-14 17:36:03 INFO  DriverFactory:59 - Selected Browser: chrome
2018-11-14 17:36:03 INFO  DriverFactory:60 - Connecting to Selenium Grid: false
2018-11-14 17:36:03 INFO  DriverFactory:60 - Connecting to Selenium Grid: false
2018-11-14 17:36:03 INFO  DriverFactory:61 -  
2018-11-14 17:36:03 INFO  DriverFactory:58 - Local Architecture: x86_64
2018-11-14 17:36:03 INFO  DriverFactory:61 -  
2018-11-14 17:36:03 INFO  DriverFactory:59 - Selected Browser: chrome
2018-11-14 17:36:03 INFO  DriverFactory:60 - Connecting to Selenium Grid: false
2018-11-14 17:36:03 INFO  DriverFactory:61 -  
2018-11-14 17:36:07 INFO  DriverFactory:56 -  
2018-11-14 17:36:07 INFO  DriverFactory:57 - Local Operating System: MAC OS X
2018-11-14 17:36:07 INFO  DriverFactory:58 - Local Architecture: x86_64
2018-11-14 17:36:07 INFO  DriverFactory:59 - Selected Browser: chrome
2018-11-14 17:36:07 INFO  DriverFactory:60 - Connecting to Selenium Grid: false
2018-11-14 17:36:07 INFO  DriverFactory:61 -  
2018-11-14 17:36:07 INFO  DriverFactory:56 -  
2018-11-14 17:36:07 INFO  DriverFactory:57 - Local Operating System: MAC OS X
2018-11-14 17:36:07 INFO  DriverFactory:58 - Local Architecture: x86_64
2018-11-14 17:36:07 INFO  DriverFactory:59 - Selected Browser: chrome
2018-11-14 17:36:07 INFO  DriverFactory:60 - Connecting to Selenium Grid: false
2018-11-14 17:36:07 INFO  DriverFactory:61 -  
2018-11-14 17:36:08 INFO  DriverFactory:56 -  
2018-11-14 17:36:08 INFO  DriverFactory:57 - Local Operating System: MAC OS X
2018-11-14 17:36:08 INFO  DriverFactory:58 - Local Architecture: x86_64
2018-11-14 17:36:08 INFO  DriverFactory:59 - Selected Browser: chrome
2018-11-14 17:36:08 INFO  DriverFactory:60 - Connecting to Selenium Grid: false
2018-11-14 17:36:08 INFO  DriverFactory:61 -  
2018-11-14 17:36:08 INFO  DriverFactory:56 -  
2018-11-14 17:36:08 INFO  DriverFactory:57 - Local Operating System: MAC OS X
2018-11-14 17:36:08 INFO  DriverFactory:58 - Local Architecture: x86_64
2018-11-14 17:36:08 INFO  DriverFactory:59 - Selected Browser: chrome
2018-11-14 17:36:08 INFO  DriverFactory:60 - Connecting to Selenium Grid: false
2018-11-14 17:36:08 INFO  DriverFactory:61 -  
2018-11-14 17:36:09 INFO  DriverFactory:56 -  
2018-11-14 17:36:09 INFO  DriverFactory:57 - Local Operating System: MAC OS X
2018-11-14 17:36:09 INFO  DriverFactory:58 - Local Architecture: x86_64
2018-11-14 17:36:09 INFO  DriverFactory:59 - Selected Browser: chrome
2018-11-14 17:36:09 INFO  DriverFactory:60 - Connecting to Selenium Grid: false
2018-11-14 17:36:09 INFO  DriverFactory:61 -  
2018-11-14 17:36:11 INFO  DriverFactory:56 -  
2018-11-14 17:36:11 INFO  DriverFactory:57 - Local Operating System: MAC OS X
2018-11-14 17:36:11 INFO  DriverFactory:58 - Local Architecture: x86_64
2018-11-14 17:36:11 INFO  DriverFactory:59 - Selected Browser: chrome
2018-11-14 17:36:11 INFO  DriverFactory:60 - Connecting to Selenium Grid: false
2018-11-14 17:36:11 INFO  DriverFactory:61 -  
2018-11-14 17:36:12 INFO  DriverFactory:56 -  
2018-11-14 17:36:12 INFO  DriverFactory:57 - Local Operating System: MAC OS X
2018-11-14 17:36:12 INFO  DriverFactory:58 - Local Architecture: x86_64
2018-11-14 17:36:12 INFO  DriverFactory:59 - Selected Browser: chrome
2018-11-14 17:36:12 INFO  DriverFactory:60 - Connecting to Selenium Grid: false
2018-11-14 17:36:12 INFO  DriverFactory:61 -  
2018-11-14 17:37:01 INFO  DriverFactory:56 -  
2018-11-14 17:37:01 INFO  DriverFactory:56 -  
2018-11-14 17:37:01 INFO  DriverFactory:57 - Local Operating System: MAC OS X
2018-11-14 17:37:01 INFO  DriverFactory:58 - Local Architecture: x86_64
2018-11-14 17:37:01 INFO  DriverFactory:59 - Selected Browser: chrome
2018-11-14 17:37:01 INFO  DriverFactory:56 -  
2018-11-14 17:37:01 INFO  DriverFactory:57 - Local Operating System: MAC OS X
2018-11-14 17:37:01 INFO  DriverFactory:60 - Connecting to Selenium Grid: false
2018-11-14 17:37:01 INFO  DriverFactory:61 -  
2018-11-14 17:37:01 INFO  DriverFactory:57 - Local Operating System: MAC OS X
2018-11-14 17:37:01 INFO  DriverFactory:58 - Local Architecture: x86_64
2018-11-14 17:37:01 INFO  DriverFactory:58 - Local Architecture: x86_64
2018-11-14 17:37:01 INFO  DriverFactory:59 - Selected Browser: chrome
2018-11-14 17:37:01 INFO  DriverFactory:59 - Selected Browser: chrome
2018-11-14 17:37:01 INFO  DriverFactory:60 - Connecting to Selenium Grid: false
2018-11-14 17:37:01 INFO  DriverFactory:60 - Connecting to Selenium Grid: false
2018-11-14 17:37:01 INFO  DriverFactory:61 -  
2018-11-14 17:37:01 INFO  DriverFactory:61 -  
2018-11-14 17:37:04 INFO  DriverFactory:56 -  
2018-11-14 17:37:04 INFO  DriverFactory:57 - Local Operating System: MAC OS X
2018-11-14 17:37:04 INFO  DriverFactory:58 - Local Architecture: x86_64
2018-11-14 17:37:04 INFO  DriverFactory:56 -  
2018-11-14 17:37:04 INFO  DriverFactory:57 - Local Operating System: MAC OS X
2018-11-14 17:37:04 INFO  DriverFactory:58 - Local Architecture: x86_64
2018-11-14 17:37:04 INFO  DriverFactory:59 - Selected Browser: chrome
2018-11-14 17:37:04 INFO  DriverFactory:60 - Connecting to Selenium Grid: false
2018-11-14 17:37:04 INFO  DriverFactory:61 -  
2018-11-14 17:37:04 INFO  DriverFactory:59 - Selected Browser: chrome
2018-11-14 17:37:04 INFO  DriverFactory:60 - Connecting to Selenium Grid: false
2018-11-14 17:37:04 INFO  DriverFactory:61 -  
2018-11-14 17:37:05 INFO  DriverFactory:56 -  
2018-11-14 17:37:05 INFO  DriverFactory:57 - Local Operating System: MAC OS X
2018-11-14 17:37:05 INFO  DriverFactory:58 - Local Architecture: x86_64
2018-11-14 17:37:05 INFO  DriverFactory:59 - Selected Browser: chrome
2018-11-14 17:37:05 INFO  DriverFactory:60 - Connecting to Selenium Grid: false
2018-11-14 17:37:05 INFO  DriverFactory:61 -  
2018-11-14 17:37:06 INFO  DriverFactory:56 -  
2018-11-14 17:37:06 INFO  DriverFactory:57 - Local Operating System: MAC OS X
2018-11-14 17:37:06 INFO  DriverFactory:58 - Local Architecture: x86_64
2018-11-14 17:37:06 INFO  DriverFactory:59 - Selected Browser: chrome
2018-11-14 17:37:06 INFO  DriverFactory:60 - Connecting to Selenium Grid: false
2018-11-14 17:37:06 INFO  DriverFactory:61 -  
2018-11-14 17:37:07 INFO  DriverFactory:56 -  
2018-11-14 17:37:07 INFO  DriverFactory:57 - Local Operating System: MAC OS X
2018-11-14 17:37:07 INFO  DriverFactory:58 - Local Architecture: x86_64
2018-11-14 17:37:07 INFO  DriverFactory:59 - Selected Browser: chrome
2018-11-14 17:37:07 INFO  DriverFactory:60 - Connecting to Selenium Grid: false
2018-11-14 17:37:07 INFO  DriverFactory:61 -  
2018-11-14 17:37:08 INFO  DriverFactory:56 -  
2018-11-14 17:37:08 INFO  DriverFactory:57 - Local Operating System: MAC OS X
2018-11-14 17:37:08 INFO  DriverFactory:58 - Local Architecture: x86_64
2018-11-14 17:37:08 INFO  DriverFactory:59 - Selected Browser: chrome
2018-11-14 17:37:08 INFO  DriverFactory:60 - Connecting to Selenium Grid: false
2018-11-14 17:37:08 INFO  DriverFactory:61 -  
2018-11-14 17:37:09 INFO  DriverFactory:56 -  
2018-11-14 17:37:09 INFO  DriverFactory:57 - Local Operating System: MAC OS X
2018-11-14 17:37:09 INFO  DriverFactory:58 - Local Architecture: x86_64
2018-11-14 17:37:09 INFO  DriverFactory:59 - Selected Browser: chrome
2018-11-14 17:37:09 INFO  DriverFactory:60 - Connecting to Selenium Grid: false
2018-11-14 17:37:09 INFO  DriverFactory:61 -  
2018-11-14 17:38:09 INFO  DriverFactory:56 -  
2018-11-14 17:38:09 INFO  DriverFactory:56 -  
2018-11-14 17:38:09 INFO  DriverFactory:56 -  
2018-11-14 17:38:09 INFO  DriverFactory:57 - Local Operating System: MAC OS X
2018-11-14 17:38:09 INFO  DriverFactory:57 - Local Operating System: MAC OS X
2018-11-14 17:38:09 INFO  DriverFactory:58 - Local Architecture: x86_64
2018-11-14 17:38:09 INFO  DriverFactory:59 - Selected Browser: chrome
2018-11-14 17:38:09 INFO  DriverFactory:60 - Connecting to Selenium Grid: false
2018-11-14 17:38:09 INFO  DriverFactory:61 -  
2018-11-14 17:38:09 INFO  DriverFactory:58 - Local Architecture: x86_64
2018-11-14 17:38:09 INFO  DriverFactory:59 - Selected Browser: chrome
2018-11-14 17:38:09 INFO  DriverFactory:60 - Connecting to Selenium Grid: false
2018-11-14 17:38:09 INFO  DriverFactory:61 -  
2018-11-14 17:38:09 INFO  DriverFactory:57 - Local Operating System: MAC OS X
2018-11-14 17:38:09 INFO  DriverFactory:58 - Local Architecture: x86_64
2018-11-14 17:38:09 INFO  DriverFactory:59 - Selected Browser: chrome
2018-11-14 17:38:09 INFO  DriverFactory:60 - Connecting to Selenium Grid: false
2018-11-14 17:38:09 INFO  DriverFactory:61 -  
2018-11-14 17:38:57 INFO  DriverFactory:56 -  
2018-11-14 17:38:57 INFO  DriverFactory:57 - Local Operating System: MAC OS X
2018-11-14 17:38:57 INFO  DriverFactory:58 - Local Architecture: x86_64
2018-11-14 17:38:57 INFO  DriverFactory:59 - Selected Browser: chrome
2018-11-14 17:38:57 INFO  DriverFactory:60 - Connecting to Selenium Grid: false
2018-11-14 17:38:57 INFO  DriverFactory:61 -  
2018-11-14 17:39:14 INFO  DriverFactory:56 -  
2018-11-14 17:39:14 INFO  DriverFactory:57 - Local Operating System: MAC OS X
2018-11-14 17:39:14 INFO  DriverFactory:58 - Local Architecture: x86_64
2018-11-14 17:39:14 INFO  DriverFactory:59 - Selected Browser: chrome
2018-11-14 17:39:14 INFO  DriverFactory:60 - Connecting to Selenium Grid: false
2018-11-14 17:39:14 INFO  DriverFactory:61 -  
2018-11-14 17:39:16 INFO  DriverFactory:56 -  
2018-11-14 17:39:16 INFO  DriverFactory:57 - Local Operating System: MAC OS X
2018-11-14 17:39:16 INFO  DriverFactory:58 - Local Architecture: x86_64
2018-11-14 17:39:16 INFO  DriverFactory:59 - Selected Browser: chrome
2018-11-14 17:39:16 INFO  DriverFactory:60 - Connecting to Selenium Grid: false
2018-11-14 17:39:16 INFO  DriverFactory:61 -  
2018-11-14 17:39:23 INFO  DriverFactory:56 -  
2018-11-14 17:39:23 INFO  DriverFactory:57 - Local Operating System: MAC OS X
2018-11-14 17:39:23 INFO  DriverFactory:58 - Local Architecture: x86_64
2018-11-14 17:39:23 INFO  DriverFactory:59 - Selected Browser: chrome
2018-11-14 17:39:23 INFO  DriverFactory:60 - Connecting to Selenium Grid: false
2018-11-14 17:39:23 INFO  DriverFactory:61 -  
2018-11-14 17:39:44 INFO  DriverFactory:56 -  
2018-11-14 17:39:44 INFO  DriverFactory:57 - Local Operating System: MAC OS X
2018-11-14 17:39:44 INFO  DriverFactory:58 - Local Architecture: x86_64
2018-11-14 17:39:44 INFO  DriverFactory:59 - Selected Browser: chrome
2018-11-14 17:39:44 INFO  DriverFactory:60 - Connecting to Selenium Grid: false
2018-11-14 17:39:44 INFO  DriverFactory:61 -  
2018-11-14 17:39:50 INFO  DriverFactory:56 -  
2018-11-14 17:39:50 INFO  DriverFactory:57 - Local Operating System: MAC OS X
2018-11-14 17:39:50 INFO  DriverFactory:58 - Local Architecture: x86_64
2018-11-14 17:39:50 INFO  DriverFactory:59 - Selected Browser: chrome
2018-11-14 17:39:50 INFO  DriverFactory:60 - Connecting to Selenium Grid: false
2018-11-14 17:39:50 INFO  DriverFactory:61 -  
2018-11-14 17:39:55 INFO  DriverFactory:56 -  
2018-11-14 17:39:55 INFO  DriverFactory:57 - Local Operating System: MAC OS X
2018-11-14 17:39:55 INFO  DriverFactory:58 - Local Architecture: x86_64
2018-11-14 17:39:55 INFO  DriverFactory:59 - Selected Browser: chrome
2018-11-14 17:39:55 INFO  DriverFactory:60 - Connecting to Selenium Grid: false
2018-11-14 17:39:55 INFO  DriverFactory:61 -  
2018-11-14 17:44:51 INFO  DriverFactory:56 -  
2018-11-14 17:44:51 INFO  DriverFactory:57 - Local Operating System: MAC OS X
2018-11-14 17:44:51 INFO  DriverFactory:58 - Local Architecture: x86_64
2018-11-14 17:44:51 INFO  DriverFactory:59 - Selected Browser: chrome
2018-11-14 17:44:51 INFO  DriverFactory:60 - Connecting to Selenium Grid: false
2018-11-14 17:44:51 INFO  DriverFactory:61 -  
